"../../../VRArchi/Content/New/Assets/Materials/M_Editable.uasset" 0
"../../../VRArchi/Content/New/Assets/Materials/M_FlatBase.uasset" 1
"../../../VRArchi/Content/New/Assets/Materials/M_FlatGrey.uasset" 2
"../../../VRArchi/Content/New/Assets/Materials/M_Invisible.uasset" 3
"../../../VRArchi/Content/New/Assets/Textures/WallBaseColor.uasset" 4
"../../../VRArchi/Content/New/Assets/Materials/M_WallBase.uasset" 5
"../../../VRArchi/Content/New/Assets/Textures/TV_tx.uasset" 6
"../../../VRArchi/Content/New/Assets/Materials/BaseMaterials/blidschirm.uasset" 7
"../../../VRArchi/Content/New/Assets/Textures/Brick_tx.uasset" 8
"../../../VRArchi/Content/New/Assets/Materials/BaseMaterials/brick.uasset" 9
"../../../VRArchi/Content/New/Assets/Textures/Floor_tx.uasset" 10
"../../../VRArchi/Content/New/Assets/Textures/office-floor-tiles-500x500.uasset" 11
"../../../VRArchi/Content/New/Assets/Materials/BaseMaterials/Fliesen.uasset" 12
"../../../VRArchi/Content/New/Assets/Materials/BaseMaterials/Glas.uasset" 13
"../../../VRArchi/Content/New/Assets/Materials/BaseMaterials/glas_matt.uasset" 14
"../../../VRArchi/Content/New/Assets/Textures/Wood_Furniture_tx.uasset" 15
"../../../VRArchi/Content/New/Assets/Materials/BaseMaterials/holz.uasset" 16
"../../../VRArchi/Content/New/Assets/Materials/BaseMaterials/maror.uasset" 17
"../../../VRArchi/Content/New/Assets/Materials/BaseMaterials/silber.uasset" 18
"../../../VRArchi/Content/New/Assets/Textures/closeup-of-a-white-shaggy-carpet-texture-in-blackwhite-tuomas-lehtinen.uasset" 19
"../../../VRArchi/Content/New/Assets/Materials/BaseMaterials/stoff.uasset" 20
"../../../VRArchi/Content/New/Assets/Materials/M_Lighting.uasset" 21
"../../../VRArchi/Content/New/Assets/Materials/MatelialInstances/M_Lighting_Inst.uasset" 22
"../../../VRArchi/Content/New/Assets/Meshes/Lamp/eb_lamp_01_c.uasset" 23
"../../../VRArchi/Content/New/Assets/Meshes/Lamp/eb_lamp_01_n.uasset" 24
"../../../VRArchi/Content/New/Assets/Materials/BaseMaterials/eb_lamp_01.uasset" 25
"../../../VRArchi/Content/New/Assets/Meshes/Lamp/eb_lamp_01_a_low.uasset" 26
"../../../VRArchi/Content/New/Assets/Meshes/Lamp/eb_lamp_01_b_low.uasset" 27
"../../../VRArchi/Content/New/Assets/Meshes/Lamp/eb_lamp_01_g.uasset" 28
"../../../VRArchi/Content/New/Assets/Meshes/NightStand/Wood_Table_C.uasset" 29
"../../../VRArchi/Content/New/Assets/Meshes/NightStand/Wood_Table_N.uasset" 30
"../../../VRArchi/Content/New/Assets/Materials/BaseMaterials/Wood_Table.uasset" 31
"../../../VRArchi/Content/New/Assets/Meshes/NightStand/Wood_Table_74_Wood_Table.uasset" 32
"../../../VRArchi/Content/New/Assets/Meshes/NightStand/Reflexion.uasset" 33
"../../../VRArchi/Content/New/Assets/Meshes/NightStand/Wood_Table_Glass.uasset" 34
"../../../VRArchi/Content/New/Assets/Meshes/NightStand/Wood_Table_74_Wood_Table_Glass.uasset" 35
"../../../VRArchi/Content/New/Assets/Meshes/NightStandW/eb_nightstand_01_c.uasset" 36
"../../../VRArchi/Content/New/Assets/Meshes/NightStandW/eb_nightstand_01_g.uasset" 37
"../../../VRArchi/Content/New/Assets/Meshes/NightStandW/eb_nightstand_01_n.uasset" 38
"../../../VRArchi/Content/New/Assets/Materials/BaseMaterials/eb_nightstand_01.uasset" 39
"../../../VRArchi/Content/New/Assets/Meshes/NightStandW/eb_nightstand_01_a_low.uasset" 40
"../../../VRArchi/Content/New/Assets/Meshes/NightStandW/eb_nightstand_01_b_low.uasset" 41
"../../../VRArchi/Content/New/Assets/Meshes/NightStandW/eb_nightstand_01_c_low.uasset" 42
"../../../VRArchi/Content/New/Assets/Meshes/NightStandW/eb_nightstand_01_d_low.uasset" 43
"../../../VRArchi/Content/New/Assets/Meshes/Radio/Radio_AO_R_M.uasset" 44
"../../../VRArchi/Content/New/Assets/Meshes/Radio/Radio_D.uasset" 45
"../../../VRArchi/Content/New/Assets/Meshes/Radio/Radio_N.uasset" 46
"../../../VRArchi/Content/New/Assets/Materials/BaseMaterials/Radio.uasset" 47
"../../../VRArchi/Content/New/Assets/Meshes/Radio/radio_low_10_low.uasset" 48
"../../../VRArchi/Content/New/Assets/Meshes/Radio/radio_low_11_low.uasset" 49
"../../../VRArchi/Content/New/Assets/Meshes/Radio/radio_low_12_low.uasset" 50
"../../../VRArchi/Content/New/Assets/Meshes/Radio/radio_low_13_low.uasset" 51
"../../../VRArchi/Content/New/Assets/Meshes/Radio/radio_low_14_low.uasset" 52
"../../../VRArchi/Content/New/Assets/Meshes/Radio/radio_low_15_low.uasset" 53
"../../../VRArchi/Content/New/Assets/Meshes/Radio/radio_low_1_low.uasset" 54
"../../../VRArchi/Content/New/Assets/Meshes/Radio/radio_low_2_low.uasset" 55
"../../../VRArchi/Content/New/Assets/Meshes/Radio/radio_low_3_low.uasset" 56
"../../../VRArchi/Content/New/Assets/Meshes/Radio/radio_low_4_low.uasset" 57
"../../../VRArchi/Content/New/Assets/Meshes/Radio/radio_low_5_low.uasset" 58
"../../../VRArchi/Content/New/Assets/Meshes/Radio/radio_low_6_low.uasset" 59
"../../../VRArchi/Content/New/Assets/Meshes/Radio/radio_low_7_low.uasset" 60
"../../../VRArchi/Content/New/Assets/Meshes/Radio/radio_low_8_low.uasset" 61
"../../../VRArchi/Content/New/Assets/Meshes/Radio/radio_low_9_low.uasset" 62
"../../../VRArchi/Content/New/Assets/Sounds/dropping-wood-c.uasset" 63
"../../../VRArchi/Content/New/Assets/Sounds/wooddebrisfall1.uasset" 64
"../../../VRArchi/Content/New/Assets/Textures/floor_tiles_tx.uasset" 65
"../../../VRArchi/Content/New/Assets/Textures/WoodFloor_tx.uasset" 66
"../../../Engine/Content/EditorBlueprintResources/StandardMacros.uasset" 67
"../../../VRArchi/Content/New/BluePrints/ActionInterface.uasset" 68
"../../../VRArchi/Content/New/BluePrints/Widgets/WBP_MenuButton.uasset" 69
"../../../VRArchi/Content/New/BluePrints/Widgets/WBP_InventorySlot.uasset" 70
"../../../VRArchi/Content/New/BluePrints/InventoryStruct.uasset" 71
"../../../VRArchi/Content/New/Assets/Icons/ButtonSetup.uasset" 72
"../../../VRArchi/Content/New/Assets/Materials/WhiteSquareTexture.uasset" 73
"../../../VRArchi/Content/New/BluePrints/Widgets/WBP_BasicHUD.uasset" 74
"../../../VRArchi/Content/New/BuildingGenerator/StructureBase.uasset" 75
"../../../VRArchi/Content/New/BuildingGenerator/MapExample1.uasset" 76
"../../../Engine/Content/EditorMaterials/Cascade/CASC_Cross.uasset" 77
"../../../Engine/Content/EditorMaterials/Cascade/CASC_None.uasset" 78
"../../../Engine/Content/Functions/Engine_MaterialFunctions03/Blends/Blend_Overlay.uasset" 79
"../../../VRArchi/Content/New/Assets/Textures/Wall_tx1.uasset" 80
"../../../VRArchi/Content/New/Assets/Materials/BaseMaterials/walltapiz2.uasset" 81
"../../../VRArchi/Content/New/Assets/Materials/MatelialInstances/walltapiz2_Inst.uasset" 82
"../../../VRArchi/Content/New/Assets/Textures/Wall_tx3.uasset" 83
"../../../VRArchi/Content/New/Assets/Materials/BaseMaterials/walltapiz.uasset" 84
"../../../VRArchi/Content/New/Assets/Materials/MatelialInstances/walltapiz_Inst.uasset" 85
"../../../VRArchi/Content/New/Assets/Materials/BaseMaterials/fliesen2.uasset" 86
"../../../VRArchi/Content/New/Assets/Materials/MatelialInstances/Baldosa_Inst.uasset" 87
"../../../VRArchi/Content/New/Assets/Textures/Dark_Wood_Floor.uasset" 88
"../../../VRArchi/Content/New/Assets/Materials/BaseMaterials/wooden.uasset" 89
"../../../VRArchi/Content/New/Assets/Materials/MatelialInstances/wooden_Inst.uasset" 90
"../../../VRArchi/Content/New/BuildingGenerator/Meshes/Base1.uasset" 91
"../../../VRArchi/Content/New/BuildingGenerator/Meshes/Base10.uasset" 92
"../../../VRArchi/Content/New/BuildingGenerator/Meshes/Base11.uasset" 93
"../../../VRArchi/Content/New/Assets/Textures/Wall_tx2.uasset" 94
"../../../VRArchi/Content/New/Assets/Materials/BaseMaterials/WallStones.uasset" 95
"../../../VRArchi/Content/New/Assets/Materials/MatelialInstances/WallStones_Inst.uasset" 96
"../../../VRArchi/Content/New/BuildingGenerator/Meshes/Base12.uasset" 97
"../../../VRArchi/Content/New/BuildingGenerator/Meshes/Base13.uasset" 98
"../../../VRArchi/Content/New/BuildingGenerator/Meshes/Base2.uasset" 99
"../../../VRArchi/Content/New/BuildingGenerator/Meshes/Base3.uasset" 100
"../../../VRArchi/Content/New/BuildingGenerator/Meshes/Base4.uasset" 101
"../../../VRArchi/Content/New/BuildingGenerator/Meshes/Base5.uasset" 102
"../../../VRArchi/Content/New/BuildingGenerator/Meshes/Base6.uasset" 103
"../../../VRArchi/Content/New/BuildingGenerator/Meshes/Base7.uasset" 104
"../../../VRArchi/Content/New/BuildingGenerator/Meshes/Base8.uasset" 105
"../../../VRArchi/Content/New/BuildingGenerator/Meshes/Base9.uasset" 106
"../../../VRArchi/Content/New/BuildingGenerator/WallsGenerator.uasset" 107
"../../../Engine/Content/Functions/Engine_MaterialFunctions01/Density/ExponentialDensity.uasset" 108
"../../../Engine/Content/Functions/Engine_MaterialFunctions01/Gradient/RadialGradientExponential.uasset" 109
"../../../Engine/Content/Functions/Engine_MaterialFunctions02/Utility/VectorToRadialValue.uasset" 110
"../../../VRArchi/Content/New/Assets/Materials/RadialMaterial.uasset" 111
"../../../VRArchi/Content/New/BluePrints/Widgets/WBP_RadialTimer.uasset" 112
"../../../VRArchi/Content/New/BluePrints/BP_RadialTimer.uasset" 113
"../../../VRArchi/Content/New/BluePrints/TextureStruct.uasset" 114
"../../../VRArchi/Content/New/BluePrints/Widgets/WBP_TexturePicker.uasset" 115
"../../../VRArchi/Content/New/BluePrints/BP_TexturePicker.uasset" 116
"../../../VRArchi/Content/New/BluePrints/InteractiveObjects/BP_InteractiveBase.uasset" 117
"../../../VRArchi/Content/New/BluePrints/Components/ImpactStructure.uasset" 118
"../../../VRArchi/Content/New/Assets/Materials/PhysicalMaterials/HeavyWoodPM.uasset" 119
"../../../VRArchi/Content/New/Assets/Materials/PhysicalMaterials/LightWoodPM.uasset" 120
"../../../VRArchi/Content/New/Assets/Materials/PhysicalMaterials/MetalPM.uasset" 121
"../../../VRArchi/Content/New/Assets/Materials/PhysicalMaterials/PlasticPM.uasset" 122
"../../../VRArchi/Content/New/Assets/Sounds/door-wooden-close-a-h6-ms.uasset" 123
"../../../VRArchi/Content/New/Assets/Sounds/ObjectSoundAttenuation.uasset" 124
"../../../VRArchi/Content/New/Assets/Sounds/wood-bucket.uasset" 125
"../../../VRArchi/Content/New/Assets/Sounds/wood-on-wood.uasset" 126
"../../../VRArchi/Content/New/Assets/Sounds/wood-step-sample-1.uasset" 127
"../../../VRArchi/Content/New/BluePrints/Components/BP_Impact.uasset" 128
"../../../Engine/Content/BasicShapes/BasicShapeMaterial.uasset" 129
"../../../VRArchi/Content/New/Assets/Meshes/Cube.uasset" 130
"../../../VRArchi/Content/New/BluePrints/InteractiveObjects/BP_Moveble.uasset" 131
"../../../VRArchi/Content/New/Assets/Materials/M_FlatBlue.uasset" 132
"../../../VRArchi/Content/New/Assets/Materials/M_FlatOrange.uasset" 133
"../../../VRArchi/Content/New/Assets/Meshes/MovementBase.uasset" 134
"../../../VRArchi/Content/New/Assets/Textures/ColorWheel.uasset" 135
"../../../VRArchi/Content/New/BluePrints/Widgets/WBP_ColorPicker.uasset" 136
"../../../VRArchi/Content/New/BluePrints/BP_PlayerBase.uasset" 137
"../../../VRArchi/Content/New/BluePrints/BP_GameMode.uasset" 138
"../../../VRArchi/Content/New/BluePrints/Widgets/WBP_Starter.uasset" 139
"../../../VRArchi/Content/New/BluePrints/Widgets/BP_BasicContainer.uasset" 140
"../../../VRArchi/Content/New/BuildingGenerator/Meshes/DoorWall.uasset" 141
"../../../VRArchi/Content/New/BuildingGenerator/Meshes/DoorWall2.uasset" 142
"../../../VRArchi/Content/New/BuildingGenerator/Meshes/DoorWall3.uasset" 143
"../../../VRArchi/Content/New/BuildingGenerator/Meshes/DoorWall4.uasset" 144
"../../../VRArchi/Content/New/BuildingGenerator/Meshes/Floor.uasset" 145
"../../../VRArchi/Content/New/BuildingGenerator/Meshes/WallBaseColor.uasset" 146
"../../../Engine/Content/Functions/Engine_MaterialFunctions01/Opacity/CameraDepthFade.uasset" 147
"../../../Engine/Content/EngineMaterials/T_Default_Material_Grid_M.uasset" 148
"../../../Engine/Content/EngineMaterials/T_Default_Material_Grid_N.uasset" 149
"../../../Engine/Content/EngineMaterials/WorldGridMaterial.uasset" 150
"../../../VRArchi/Content/New/BuildingGenerator/Meshes/WindowWall.uasset" 151
"../../../Engine/Content/EngineMaterials/DefaultMaterial.uasset" 152
"../../../Engine/Content/BasicShapes/Cone.uasset" 153
"../../../Engine/Content/BasicShapes/Cube.uasset" 154
"../../../Engine/Content/BasicShapes/Cylinder.uasset" 155
"../../../Engine/Content/BasicShapes/Plane.uasset" 156
"../../../Engine/Content/BasicShapes/Sphere.uasset" 157
"../../../Engine/Content/EditorLandscapeResources/DataLayer.uasset" 158
"../../../Engine/Content/EditorMaterials/GizmoMaterial.uasset" 159
"../../../Engine/Content/EditorMaterials/MAT_Groups_Toggle.uasset" 160
"../../../Engine/Content/EditorMaterials/MAT_Groups_Visibility.uasset" 161
"../../../Engine/Content/EditorMaterials/PreviewShadowIndicator.uasset" 162
"../../../Engine/Content/EditorMaterials/PreviewShadowIndicatorMaterial.uasset" 163
"../../../Engine/Content/EditorMaterials/MatineeGroups/MAT_ColorTrack.uasset" 164
"../../../Engine/Content/EditorMaterials/MatineeGroups/MAT_Groups_Anim.uasset" 165
"../../../Engine/Content/EditorMaterials/MatineeGroups/MAT_Groups_AudioMaster.uasset" 166
"../../../Engine/Content/EditorMaterials/MatineeGroups/MAT_Groups_Director.uasset" 167
"../../../Engine/Content/EditorMaterials/MatineeGroups/MAT_Groups_Event.uasset" 168
"../../../Engine/Content/EditorMaterials/MatineeGroups/MAT_Groups_Fade.uasset" 169
"../../../Engine/Content/EditorMaterials/MatineeGroups/MAT_Groups_Float.uasset" 170
"../../../Engine/Content/EditorMaterials/MatineeGroups/MAT_Groups_Move.uasset" 171
"../../../Engine/Content/EditorMaterials/MatineeGroups/MAT_Groups_Slomo.uasset" 172
"../../../Engine/Content/EditorMaterials/MatineeGroups/MAT_Groups_Sound.uasset" 173
"../../../Engine/Content/EditorMaterials/MatineeGroups/MAT_Groups_Vector.uasset" 174
"../../../Engine/Content/EditorMaterials/ParticleSystems/PSysThumbnail_NoImage.uasset" 175
"../../../Engine/Content/EditorMaterials/ParticleSystems/PSysThumbnail_OOD.uasset" 176
"../../../Engine/Content/EditorMaterials/Camera/CineMat.uasset" 177
"../../../Engine/Content/EditorMaterials/Camera/MI_CineMat_Rig.uasset" 178
"../../../Engine/Content/EditorMeshes/Camera/SM_CraneRig_Arm.uasset" 179
"../../../Engine/Content/EditorMeshes/Camera/SM_CraneRig_Base.uasset" 180
"../../../Engine/Content/EditorMeshes/Camera/SM_CraneRig_Body.uasset" 181
"../../../Engine/Content/EditorMeshes/Camera/SM_CraneRig_Mount.uasset" 182
"../../../Engine/Content/EditorMeshes/Camera/SM_RailRig_Mount.uasset" 183
"../../../Engine/Content/EditorMeshes/Camera/SM_RailRig_Track.uasset" 184
"../../../Engine/Content/EditorMeshes/ColorCalibrator/M_ChromeBall.uasset" 185
"../../../Engine/Content/EditorMeshes/ColorCalibrator/M_ClearCoat.uasset" 186
"../../../Engine/Content/EditorMeshes/ColorCalibrator/M_ClearCoatBlack.uasset" 187
"../../../Engine/Content/EditorMeshes/ColorCalibrator/Color_checker.uasset" 188
"../../../Engine/Content/EditorMeshes/ColorCalibrator/M_ColorGrid.uasset" 189
"../../../Engine/Content/EditorMeshes/ColorCalibrator/M_GreyBall.uasset" 190
"../../../Engine/Content/EditorMeshes/ColorCalibrator/SM_ColorCalibrator.uasset" 191
"../../../Engine/Content/EditorResources/BSPVertex.uasset" 192
"../../../Engine/Content/EditorResources/EmptyActor.uasset" 193
"../../../Engine/Content/EditorResources/S_Actor.uasset" 194
"../../../Engine/Content/EditorResources/S_Trigger.uasset" 195
"../../../Engine/Content/EditorResources/SequenceRecorder/Countdown.uasset" 196
"../../../Engine/Content/EditorResources/SequenceRecorder/RecordingIndicator.uasset" 197
"../../../Engine/Content/EditorSounds/Notifications/CompileFailed.uasset" 198
"../../../Engine/Content/EditorSounds/Notifications/CompileFailed_Cue.uasset" 199
"../../../Engine/Content/EditorSounds/Notifications/CompileSuccess.uasset" 200
"../../../Engine/Content/EditorSounds/Notifications/CompileStart_Cue.uasset" 201
"../../../Engine/Content/EditorSounds/Notifications/CompileSuccess_Cue.uasset" 202
"../../../Engine/Content/EngineDamageTypes/DmgTypeBP_Environmental.uasset" 203
"../../../Engine/Content/EngineDebugMaterials/HeatmapGradient.uasset" 204
"../../../Engine/Content/EngineDebugMaterials/BoneWeightMaterial.uasset" 205
"../../../Engine/Content/EngineDebugMaterials/ClothMaterial.uasset" 206
"../../../Engine/Content/EngineDebugMaterials/ClothMaterial_WF.uasset" 207
"../../../Engine/Content/EngineDebugMaterials/DebugEditorMaterial.uasset" 208
"../../../Engine/Content/EngineDebugMaterials/DebugMeshMaterial.uasset" 209
"../../../Engine/Content/EngineDebugMaterials/GeomMaterial.uasset" 210
"../../../Engine/Content/EngineFonts/Faces/RobotoBold.uasset" 211
"../../../Engine/Content/EngineFonts/Faces/RobotoBoldItalic.uasset" 212
"../../../Engine/Content/EngineFonts/Faces/RobotoItalic.uasset" 213
"../../../Engine/Content/EngineFonts/Faces/RobotoLight.uasset" 214
"../../../Engine/Content/EngineFonts/Faces/RobotoRegular.uasset" 215
"../../../Engine/Content/EngineFonts/Roboto.uasset" 216
"../../../Engine/Content/EngineFonts/Faces/RobotoTiny.uasset" 217
"../../../Engine/Content/EngineFonts/RobotoTiny.uasset" 218
"../../../Engine/Content/EngineMaterials/DefaultBloomKernel.uasset" 219
"../../../Engine/Content/EngineMaterials/DefaultBokeh.uasset" 220
"../../../Engine/Content/EngineMaterials/DefaultDiffuse.uasset" 221
"../../../Engine/Content/EngineMaterials/DefaultDeferredDecalMaterial.uasset" 222
"../../../Engine/Content/EngineMaterials/DefaultLightFunctionMaterial.uasset" 223
"../../../Engine/Content/EngineMaterials/DefaultPhysicalMaterial.uasset" 224
"../../../Engine/Content/Functions/Engine_MaterialFunctions02/Utility/BreakOutFloat2Components.uasset" 225
"../../../Engine/Content/EngineMaterials/DefaultPostProcessMaterial.uasset" 226
"../../../Engine/Content/EngineFonts/RobotoDistanceField.uasset" 227
"../../../Engine/Content/EngineMaterials/DefaultTextMaterialOpaque.uasset" 228
"../../../Engine/Content/EngineMaterials/DefaultWhiteGrid.uasset" 229
"../../../Engine/Content/EngineMaterials/EditorBrushMaterial.uasset" 230
"../../../Engine/Content/EngineMaterials/Good64x64TilingNoiseHighFreq.uasset" 231
"../../../Engine/Content/EngineMaterials/MiniFont.uasset" 232
"../../../Engine/Content/EngineMaterials/InvalidLightmapSettings.uasset" 233
"../../../Engine/Content/EngineMaterials/M_InvalidLightmapSettings.uasset" 234
"../../../Engine/Content/Functions/Engine_MaterialFunctions02/WorldPositionOffset/CameraOffset.uasset" 235
"../../../Engine/Content/EngineMaterials/PhAT_JointLimitMaterial.uasset" 236
"../../../Engine/Content/EngineMaterials/PreintegratedSkinBRDF.uasset" 237
"../../../Engine/Content/EngineMaterials/RemoveSurfaceMaterial.uasset" 238
"../../../Engine/Content/EngineMaterials/WeightMapPlaceholderTexture.uasset" 239
"../../../Engine/Content/EngineResources/WhiteSquareTexture.uasset" 240
"../../../Engine/Content/EngineMaterials/Widget3DPassThrough.uasset" 241
"../../../Engine/Content/EngineMaterials/Widget3DPassThrough_Masked.uasset" 242
"../../../Engine/Content/EngineMaterials/Widget3DPassThrough_Opaque.uasset" 243
"../../../Engine/Content/EngineMaterials/Widget3DPassThrough_Masked_OneSided.uasset" 244
"../../../Engine/Content/EngineMaterials/Widget3DPassThrough_Opaque_OneSided.uasset" 245
"../../../Engine/Content/EngineMaterials/Widget3DPassThrough_Translucent.uasset" 246
"../../../Engine/Content/EngineMaterials/Widget3DPassThrough_Translucent_OneSided.uasset" 247
"../../../Engine/Content/EngineMeshes/Cube.uasset" 248
"../../../Engine/Content/EngineMeshes/Cylinder.uasset" 249
"../../../Engine/Content/EngineMeshes/Sphere.uasset" 250
"../../../Engine/Content/EngineResources/Black.uasset" 251
"../../../Engine/Content/EngineResources/DefaultTextureCube.uasset" 252
"../../../Engine/Content/EngineResources/GradientTexture0.uasset" 253
"../../../Engine/Content/EngineSounds/Master.uasset" 254
"../../../Engine/Content/Functions/Engine_MaterialFunctions01/Shading/ConvertFromDiffSpec.uasset" 255
"../../../Engine/Content/Functions/Engine_MaterialFunctions01/Shading/PowerToRoughness.uasset" 256
"../../../Engine/Content/Maps/Templates/Thumbnails/Default.uasset" 257
"../../../Engine/Content/Maps/Templates/Thumbnails/VR-Basic.uasset" 258
"../../../Engine/Content/MobileResources/T_MobileControls_texture.uasset" 259
"../../../Engine/Content/MobileResources/T_MobileMenu2.uasset" 260
"../../../Engine/Content/MobileResources/HUD/AnalogHat.uasset" 261
"../../../Engine/Content/MobileResources/HUD/VirtualJoystick_Background.uasset" 262
"../../../Engine/Content/MobileResources/HUD/VirtualJoystick_Thumb.uasset" 263
"../../../Engine/Content/MobileResources/HUD/DefaultVirtualJoysticks.uasset" 264
"../../../Engine/Content/MobileResources/HUD/LeftVirtualJoystickOnly.uasset" 265
"../../../Engine/Content/MobileResources/HUD/MobileHUDButton1_off.uasset" 266
"../../../Engine/Content/MobileResources/HUD/MobileHUDButton1_on.uasset" 267
"../../../Engine/Content/MobileResources/HUD/MobileHUDButton2_off.uasset" 268
"../../../Engine/Content/MobileResources/HUD/MobileHUDButton2_on.uasset" 269
"../../../Engine/Content/MobileResources/HUD/MobileHUDButton3.uasset" 270
"../../../Engine/Content/MobileResources/HUD/MobileHUDButtonFire.uasset" 271
"../../../Engine/Content/MobileResources/HUD/MobileHUDDirectionPad.uasset" 272
"../../../Engine/Content/MobileResources/HUD/MobileHUDDirectionPad2.uasset" 273
"../../../Engine/Content/MobileResources/HUD/MobileHUDDirectionPad3.uasset" 274
"../../../Engine/Content/MobileResources/HUD/MobileHUDDirectionStick.uasset" 275
"../../../Engine/Content/MobileResources/HUD/T_Castle_ThumbstickInner.uasset" 276
"../../../Engine/Content/MobileResources/HUD/T_Castle_ThumbstickOutter.uasset" 277
"../../../Engine/Content/Tutorial/ContentIntroCurve.uasset" 278
"../../../Engine/Content/Tutorial/Basics/TutorialAssets/icon_tab_Levels_40x.uasset" 279
"../../../Engine/Content/Tutorial/BlueprintTutorials/TutorialAssets/BlueprintInterface_64x.uasset" 280
"../../../Engine/Content/Tutorial/BlueprintTutorials/TutorialAssets/BlueprintMacroLibrary_64x.uasset" 281
"../../../Engine/Content/Tutorial/BlueprintTutorials/TutorialAssets/Blueprint_64x.uasset" 282
"../../../Engine/Content/Tutorial/BlueprintTutorials/TutorialAssets/Tutorial_BP_Interface.uasset" 283
"../../../Engine/Content/Tutorial/Foliage/TutorialAssets/Foliage.uasset" 284
"../../../Engine/Content/Tutorial/Landscape/TutorialAssets/Landscape.uasset" 285
"../../../Engine/Content/Tutorial/Paper2D/TutorialAssets/Paper2DFlipbook_TutorialIcon.uasset" 286
"../../../Engine/Content/Tutorial/Paper2D/TutorialAssets/Paper2DSprite_TutorialIcon.uasset" 287
"../../../Engine/Content/Tutorial/SubEditors/TutorialAssets/icon_Editor_Preferences_General_40x.uasset" 288
"../../../Engine/Content/Tutorial/SubEditors/TutorialAssets/icon_ShowSkeletalMeshes_40x.uasset" 289
"../../../Engine/Content/Tutorial/SubEditors/TutorialAssets/TutorialMaterial.uasset" 290
"../../../Engine/Content/Tutorial/SubEditors/TutorialAssets/T_SmokeSubUV_8X8.uasset" 291
"../../../Engine/Content/Tutorial/SubEditors/TutorialAssets/T_soft_smoke.uasset" 292
"../../../Engine/Content/Tutorial/SubEditors/TutorialAssets/M_smoke_subUV_blackbody.uasset" 293
"../../../Engine/Content/Tutorial/SubEditors/TutorialAssets/TutorialParticleSystem.uasset" 294
"../../../Engine/Content/VREditor/Devices/Generic/GenericHMDMaterial.uasset" 295
"../../../Engine/Content/VREditor/Devices/Generic/GenericHMD.uasset" 296
"../../../Engine/Content/VREditor/FloatingText/LineMaterial.uasset" 297
"../../../Engine/Content/VREditor/FloatingText/JointSphere.uasset" 298
"../../../Engine/Content/VREditor/FloatingText/LineSegmentCylinder.uasset" 299
"../../../Engine/Content/VREditor/Fonts/VRText_RobotoLarge.uasset" 300
"../../../Engine/Content/VREditor/Fonts/VRTextMaterial.uasset" 301
"../../../Engine/Content/VREditor/Fonts/TranslucentVRTextMaterial.uasset" 302
"../../../Engine/Content/VREditor/LaserPointer/CursorPointer.uasset" 303
"../../../Engine/Content/VREditor/LaserPointer/VR_LaserPower_01.uasset" 304
"../../../Engine/Content/VREditor/TransformGizmo/TransformGizmoMaterial.uasset" 305
"../../../Engine/Content/VREditor/LaserPointer/HoverMaterial.uasset" 306
"../../../Engine/Content/VREditor/TransformGizmo/TranslucentTransformGizmoMaterial.uasset" 307
"../../../Engine/Content/VREditor/LaserPointer/TranslucentHoverMaterial.uasset" 308
"../../../Engine/Content/VREditor/LaserPointer/HoverMesh.uasset" 309
"../../../Engine/Content/VREditor/LaserPointer/LaserPointerMaterial.uasset" 310
"../../../Engine/Content/VREditor/LaserPointer/LaserPointerMaterialInst.uasset" 311
"../../../Engine/Content/VREditor/LaserPointer/TranslucentLaserPointerMaterialInst.uasset" 312
"../../../Engine/Content/VREditor/LaserPointer/LaserPointerMesh.uasset" 313
"../../../Engine/Content/VREditor/LaserPointer/LaserPointerMesh_End.uasset" 314
"../../../Engine/Content/VREditor/LaserPointer/LaserPointerMesh_Start.uasset" 315
"../../../Engine/Content/Functions/Engine_MaterialFunctions02/Utility/BreakOutFloat3Components.uasset" 316
"../../../Engine/Content/Functions/Engine_MaterialFunctions02/Math/Transform3x3Matrix.uasset" 317
"../../../Engine/Content/Functions/Engine_MaterialFunctions02/SplitComponents.uasset" 318
"../../../Engine/Content/Functions/Engine_MaterialFunctions02/Utility/MakeFloat3.uasset" 319
"../../../Engine/Content/VREditor/SnapGrid/SnapGridMaterial.uasset" 320
"../../../Engine/Content/VREditor/SnapGrid/SnapGridPlaneMesh.uasset" 321
"../../../Engine/Content/VREditor/Sounds/VR_teleport.uasset" 322
"../../../Engine/Content/VREditor/Sounds/UI/Click_on_Button.uasset" 323
"../../../Engine/Content/VREditor/Sounds/UI/Click_on_Button_Cue.uasset" 324
"../../../Engine/Content/VREditor/Sounds/UI/Dockable_Window_Close.uasset" 325
"../../../Engine/Content/VREditor/Sounds/UI/Dockable_Window_Drop.uasset" 326
"../../../Engine/Content/VREditor/Sounds/UI/Dockable_Window_Open.uasset" 327
"../../../Engine/Content/VREditor/Sounds/UI/Dockable_Window_Pick_Up.uasset" 328
"../../../Engine/Content/VREditor/Sounds/UI/Drop_Item_From_ContentBrowser.uasset" 329
"../../../Engine/Content/VREditor/Sounds/UI/Floating_UI_Open-001.uasset" 330
"../../../Engine/Content/VREditor/Sounds/UI/Gizmo_Handle_Clicked.uasset" 331
"../../../Engine/Content/VREditor/Sounds/UI/Object_PickUp.uasset" 332
"../../../Engine/Content/VREditor/Sounds/UI/Object_Snaps_To_Another_Actor.uasset" 333
"../../../Engine/Content/VREditor/Sounds/UI/Object_Snaps_To_Grid.uasset" 334
"../../../Engine/Content/VREditor/Sounds/UI/Radial_Menu_FadeOut.uasset" 335
"../../../Engine/Content/VREditor/Sounds/UI/Scaling_Down.uasset" 336
"../../../Engine/Content/VREditor/Sounds/UI/Scaling_Up.uasset" 337
"../../../Engine/Content/VREditor/Sounds/UI/Selection_Changes.uasset" 338
"../../../Engine/Content/VREditor/Sounds/UI/Teleport_Mode_Entered.uasset" 339
"../../../Engine/Content/VREditor/Teleport/TeleportDirectionMaterial.uasset" 340
"../../../Engine/Content/VREditor/Teleport/TeleportDirectionMaterial_Inst.uasset" 341
"../../../Engine/Content/VREditor/Teleport/TeleportDirectionMesh.uasset" 342
"../../../Engine/Content/VREditor/TransformGizmo/BoundingBoxCorner.uasset" 343
"../../../Engine/Content/VREditor/TransformGizmo/BoundingBoxEdge.uasset" 344
"../../../Engine/Content/VREditor/TransformGizmo/PlaneTranslationHandle.uasset" 345
"../../../Engine/Content/VREditor/TransformGizmo/RotationHandleFull.uasset" 346
"../../../Engine/Content/VREditor/TransformGizmo/RotationHandleIndicator.uasset" 347
"../../../Engine/Content/VREditor/TransformGizmo/RotationHandleQuarter.uasset" 348
"../../../Engine/Content/VREditor/TransformGizmo/Main.uasset" 349
"../../../Engine/Content/VREditor/TransformGizmo/Xray.uasset" 350
"../../../Engine/Content/VREditor/TransformGizmo/SM_Dialog_Close.uasset" 351
"../../../Engine/Content/VREditor/TransformGizmo/SM_Dialog_Move.uasset" 352
"../../../Engine/Content/VREditor/TransformGizmo/SM_Sequencer_Key.uasset" 353
"../../../Engine/Content/VREditor/TransformGizmo/SM_Sequencer_Node.uasset" 354
"../../../Engine/Content/VREditor/TransformGizmo/StartRotationHandleIndicator.uasset" 355
"../../../Engine/Content/VREditor/TransformGizmo/TranslucentTransformGizmoMaterial_Inst.uasset" 356
"../../../Engine/Content/VREditor/TransformGizmo/TransformGizmoFreeRotation.uasset" 357
"../../../Engine/Content/VREditor/TransformGizmo/TransformGizmoMaterial_Inst.uasset" 358
"../../../Engine/Content/VREditor/TransformGizmo/TranslateArrowHandle.uasset" 359
"../../../Engine/Content/VREditor/TransformGizmo/UniformScaleHandle.uasset" 360
"../../../Engine/Content/VREditor/UI/KeyDiskMaterial.uasset" 361
"../../../Engine/Content/VREditor/UI/DiscMaterial.uasset" 362
"../../../Engine/Content/VREditor/UI/SM_Radial_Disk.uasset" 363
"../../../Engine/Content/Functions/Engine_MaterialFunctions01/Gradient/RadialGradient.uasset" 364
"../../../Engine/Content/VREditor/WorldMovementGrid/SimpleGrid.uasset" 365
"../../../Engine/Content/VREditor/WorldMovementGrid/GridMaterial.uasset" 366
"../../../Engine/Content/VREditor/WorldMovementGrid/GridPostProcess.uasset" 367
"../../../Engine/Content/EditorLandscapeResources/FlattenHeightMat.uasset" 368
"../../../Engine/Content/VREditor/WorldMovementGrid/PlaneMesh.uasset" 369
"../../../Engine/Plugins/2D/Paper2D/Content/PlaceholderTextures/DummySpriteTexture.uasset" 370
"../../../Engine/Plugins/2D/Paper2D/Content/DummySprite.uasset" 371
"../../../Engine/Plugins/2D/Paper2D/Content/DefaultPaperTerrainMaterial.uasset" 372
"../../../Engine/Plugins/2D/Paper2D/Content/DefaultSpriteMaterial.uasset" 373
"../../../Engine/Plugins/2D/Paper2D/Content/MaskedUnlitSpriteMaterial.uasset" 374
"../../../Engine/Plugins/2D/Paper2D/Content/OpaqueUnlitSpriteMaterial.uasset" 375
"../../../Engine/Plugins/Media/MediaCompositing/Content/DefaultMediaPlaneMaterial.uasset" 376
"../../../Engine/Content/Functions/Engine_MaterialFunctions01/Texturing/ScaleUVsByCenter.uasset" 377
"../../../Engine/Content/Functions/Engine_MaterialFunctions02/Utility/MakeFloat4.uasset" 378
"../../../Engine/Plugins/Runtime/AppleARKit/Content/ARKitCameraMaterial.uasset" 379
"../../../Engine/Plugins/Runtime/GoogleVR/GoogleVRController/Content/BatteryIndicatorAlmostFull.uasset" 380
"../../../Engine/Plugins/Runtime/GoogleVR/GoogleVRController/Content/BatteryIndicatorCharging.uasset" 381
"../../../Engine/Plugins/Runtime/GoogleVR/GoogleVRController/Content/BatteryIndicatorCriticalLow.uasset" 382
"../../../Engine/Plugins/Runtime/GoogleVR/GoogleVRController/Content/BatteryIndicatorFull.uasset" 383
"../../../Engine/Plugins/Runtime/GoogleVR/GoogleVRController/Content/BatteryIndicatorLow.uasset" 384
"../../../Engine/Plugins/Runtime/GoogleVR/GoogleVRController/Content/BatteryIndicatorMaterial.uasset" 385
"../../../Engine/Plugins/Runtime/GoogleVR/GoogleVRController/Content/BatteryIndicatorMedium.uasset" 386
"../../../Engine/Plugins/Runtime/GoogleVR/GoogleVRController/Content/BatteryIndicatorUnknown.uasset" 387
"../../../Engine/Plugins/Runtime/GoogleVR/GoogleVRController/Content/ControllerParameters.uasset" 388
"../../../Engine/Plugins/Runtime/GoogleVR/GoogleVRController/Content/ControllerIdleTexture.uasset" 389
"../../../Engine/Plugins/Runtime/GoogleVR/GoogleVRController/Content/ControllerBaseMaterial.uasset" 390
"../../../Engine/Plugins/Runtime/GoogleVR/GoogleVRController/Content/ControllerAppTexture.uasset" 391
"../../../Engine/Plugins/Runtime/GoogleVR/GoogleVRController/Content/ControllerAppMaterial.uasset" 392
"../../../Engine/Plugins/Runtime/GoogleVR/GoogleVRController/Content/ControllerIdleMaterial.uasset" 393
"../../../Engine/Plugins/Runtime/GoogleVR/GoogleVRController/Content/ControllerMesh.uasset" 394
"../../../Engine/Plugins/Runtime/GoogleVR/GoogleVRController/Content/ControllerPadTexture.uasset" 395
"../../../Engine/Plugins/Runtime/GoogleVR/GoogleVRController/Content/ControllerPadMaterial.uasset" 396
"../../../Engine/Plugins/Runtime/GoogleVR/GoogleVRController/Content/ControllerReticleTexture.uasset" 397
"../../../Engine/Plugins/Runtime/GoogleVR/GoogleVRController/Content/ControllerRetMaterial.uasset" 398
"../../../Engine/Plugins/Runtime/GoogleVR/GoogleVRController/Content/ControllerSysTexture.uasset" 399
"../../../Engine/Plugins/Runtime/GoogleVR/GoogleVRController/Content/ControllerSysMaterial.uasset" 400
"../../../Engine/Content/Functions/Engine_MaterialFunctions02/Utility/AppendMany.uasset" 401
"../../../Engine/Plugins/Runtime/GoogleVR/GoogleVRController/Content/GazeReticleMaterial.uasset" 402
"../../../Engine/Plugins/Runtime/GoogleVR/GoogleVRController/Content/GazeReticleMesh.uasset" 403
"../../../Engine/Content/Functions/Engine_MaterialFunctions02/Utility/VectorLength.uasset" 404
"../../../Engine/Content/Functions/Engine_MaterialFunctions02/WorldPositionOffset/LocalPosition.uasset" 405
"../../../Engine/Content/Functions/Engine_MaterialFunctions02/WorldPositionOffset/ObjectScale.uasset" 406
"../../../Engine/Plugins/Runtime/GoogleVR/GoogleVRController/Content/LaserPointerTexture.uasset" 407
"../../../Engine/Plugins/Runtime/GoogleVR/GoogleVRController/Content/LaserPlaneMaterial.uasset" 408
"../../../Engine/Plugins/Runtime/GoogleVR/GoogleVRController/Content/LaserPlane.uasset" 409
"../../../Engine/Plugins/Runtime/GoogleVR/GoogleVRController/Content/TooltipTextMaterial.uasset" 410
"../../../Engine/Plugins/Runtime/GoogleVR/GoogleVRController/Content/TouchTexture.uasset" 411
"../../../Engine/Plugins/Runtime/GoogleVR/GoogleVRController/Content/TouchMaterial.uasset" 412
"../../../Engine/Content/EngineSky/C_Sky_Cloud_Color.uasset" 413
"../../../Engine/Content/EngineSky/C_Sky_Horizon_Color.uasset" 414
"../../../Engine/Content/EngineSky/C_Sky_Zenith_Color.uasset" 415
"../../../Engine/Content/EngineSky/T_Sky_Blue.uasset" 416
"../../../Engine/Content/EngineSky/T_Sky_Clouds_M.uasset" 417
"../../../Engine/Content/EngineSky/T_Sky_Stars.uasset" 418
"../../../Engine/Content/EngineSky/M_Sky_Panning_Clouds2.uasset" 419
"../../../Engine/Content/EngineSky/SM_SkySphere.uasset" 420
"../../../Engine/Content/EngineSky/BP_Sky_Sphere.uasset" 421
"../../../VRArchi/Content/New/Assets/Icons/IC_CDPlayer.uasset" 422
"../../../VRArchi/Content/New/Assets/Meshes/CDPlayer/CD_Player_v1_diffuse1.uasset" 423
"../../../VRArchi/Content/New/Assets/Materials/BaseMaterials/CD_Player_v1_diffuse.uasset" 424
"../../../VRArchi/Content/New/Assets/Materials/MatelialInstances/CD_Player_v1_diffuse_Inst.uasset" 425
"../../../VRArchi/Content/New/Assets/Meshes/CDPlayer/CD_Player.uasset" 426
"../../../VRArchi/Content/New/BluePrints/InteractiveObjects/BP_Moveble_CDPlayer.uasset" 427
"../../../VRArchi/Content/New/Assets/Materials/MatelialInstances/M_lamp_Inst.uasset" 428
"../../../VRArchi/Content/New/Assets/Icons/IC_Lamp.uasset" 429
"../../../VRArchi/Content/New/Assets/Meshes/Lamp.uasset" 430
"../../../VRArchi/Content/New/BluePrints/InteractiveObjects/BP_Moveble_Lamp.uasset" 431
"../../../VRArchi/Content/New/Assets/Materials/MatelialInstances/Wood_Table_Inst.uasset" 432
"../../../VRArchi/Content/New/Assets/Icons/IC_NightStand.uasset" 433
"../../../VRArchi/Content/New/Assets/Meshes/NightStand.uasset" 434
"../../../VRArchi/Content/New/BluePrints/InteractiveObjects/BP_Moveble_NightStand.uasset" 435
"../../../VRArchi/Content/New/Assets/Icons/IC_NightStand2.uasset" 436
"../../../VRArchi/Content/New/Assets/Materials/MatelialInstances/eb_nightstand_01_Inst.uasset" 437
"../../../VRArchi/Content/New/Assets/Meshes/NightStand2.uasset" 438
"../../../VRArchi/Content/New/BluePrints/InteractiveObjects/BP_Moveble_NightStand2.uasset" 439
"../../../VRArchi/Content/New/Assets/Materials/MatelialInstances/Radio_Inst.uasset" 440
"../../../VRArchi/Content/New/Assets/Icons/IC_Radio.uasset" 441
"../../../VRArchi/Content/New/Assets/Meshes/Radio.uasset" 442
"../../../VRArchi/Content/New/BluePrints/InteractiveObjects/BP_Moveble_Radio.uasset" 443
"../../../VRArchi/Content/New/BluePrints/InteractiveObjects/BP_InteractiveTeleportPad.uasset" 444
"../../../VRArchi/Content/New/Assets/Meshes/Lamp/eb_lamp_01_c_low.uasset" 445
"../../../VRArchi/Content/New/BluePrints/InteractiveObjects/LampLight.uasset" 446
"../../../VRArchi/Content/New/BuildingGenerator/ObjBase.uasset" 447
"../../../VRArchi/Content/New/BuildingGenerator/ObjectsGenerator.uasset" 448
"../../../VRArchi/Content/New/Maps/Main_Map_BuiltData.uasset" 449
"../../../Engine/Content/MapTemplates/Sky/T_Sky_Stars.uasset" 450
"../../../Engine/Content/MapTemplates/Sky/T_UDK_Sky_CloudMask01_N.uasset" 451
"../../../Engine/Content/MapTemplates/T_UDK_Sky_CloudMask03.uasset" 452
"../../../Engine/Content/MapTemplates/Sky/M_Procedural_Sky_MASTER02.uasset" 453
"../../../Engine/Content/MapTemplates/Sky/SM_SkySphere.uasset" 454
"../../../VRArchi/Content/New/Maps/Main_Map.umap" 455
"../../../Engine/Content/Maps/Entry.umap" 456
