"../../../../../UnrealProjects/ProyectoGrado/ProyectoGradoOP 4.24/Content/Ceramic.uasset" 0
"../../../../../UnrealProjects/ProyectoGrado/ProyectoGradoOP 4.24/Content/JSon/FloorCSV.uasset" 1
"../../../../../UnrealProjects/ProyectoGrado/ProyectoGradoOP 4.24/Content/JSon/ObjectCSV.uasset" 2
"../../../../../UnrealProjects/ProyectoGrado/ProyectoGradoOP 4.24/Content/JSon/WallsCSV.uasset" 3
"../../../../../UnrealProjects/ProyectoGrado/ProyectoGradoOP 4.24/Content/New/Assets/Icons/ButtonSetup.uasset" 4
"../../../../../UnrealProjects/ProyectoGrado/ProyectoGradoOP 4.24/Content/New/Assets/Materials/M_Editable.uasset" 5
"../../../../../UnrealProjects/ProyectoGrado/ProyectoGradoOP 4.24/Content/New/Assets/Materials/M_FlatBase.uasset" 6
"../../../../../UnrealProjects/ProyectoGrado/ProyectoGradoOP 4.24/Content/New/Assets/Materials/M_FlatGrey.uasset" 7
"../../../../../UnrealProjects/ProyectoGrado/ProyectoGradoOP 4.24/Content/New/Assets/Materials/M_Invisible.uasset" 8
"../../../../../UnrealProjects/ProyectoGrado/ProyectoGradoOP 4.24/Content/New/Assets/Textures/WallBaseColor.uasset" 9
"../../../../../UnrealProjects/ProyectoGrado/ProyectoGradoOP 4.24/Content/New/Assets/Materials/M_WallBase.uasset" 10
"../../../../../UnrealProjects/ProyectoGrado/ProyectoGradoOP 4.24/Content/New/Assets/Textures/TV_tx.uasset" 11
"../../../../../UnrealProjects/ProyectoGrado/ProyectoGradoOP 4.24/Content/New/Assets/Materials/BaseMaterials/blidschirm.uasset" 12
"../../../../../UnrealProjects/ProyectoGrado/ProyectoGradoOP 4.24/Content/New/Assets/Textures/Floor_tx.uasset" 13
"../../../../../UnrealProjects/ProyectoGrado/ProyectoGradoOP 4.24/Content/New/Assets/Textures/office-floor-tiles-500x500.uasset" 14
"../../../../../UnrealProjects/ProyectoGrado/ProyectoGradoOP 4.24/Content/New/Assets/Materials/BaseMaterials/Fliesen.uasset" 15
"../../../../../UnrealProjects/ProyectoGrado/ProyectoGradoOP 4.24/Content/New/Assets/Materials/BaseMaterials/glas_matt.uasset" 16
"../../../../../UnrealProjects/ProyectoGrado/ProyectoGradoOP 4.24/Content/New/Assets/Textures/closeup-of-a-white-shaggy-carpet-texture-in-blackwhite-tuomas-lehtinen.uasset" 17
"../../../../../UnrealProjects/ProyectoGrado/ProyectoGradoOP 4.24/Content/New/Assets/Materials/BaseMaterials/stoff.uasset" 18
"../../../../../UnrealProjects/ProyectoGrado/ProyectoGradoOP 4.24/Content/New/Assets/Textures/WoodFloor_tx.uasset" 19
"../../../../../UnrealProjects/ProyectoGrado/ProyectoGradoOP 4.24/Content/New/Assets/Materials/BaseMaterials/WoodLigh.uasset" 20
"../../../../../UnrealProjects/ProyectoGrado/ProyectoGradoOP 4.24/Content/New/Assets/Materials/M_Lighting.uasset" 21
"../../../../../UnrealProjects/ProyectoGrado/ProyectoGradoOP 4.24/Content/New/Assets/Materials/MatelialInstances/M_Lighting_Inst.uasset" 22
"../../../../../UnrealProjects/ProyectoGrado/ProyectoGradoOP 4.24/Content/New/Assets/Meshes/ArcadeMachine/AM_Black_2.uasset" 23
"../../../../../UnrealProjects/ProyectoGrado/ProyectoGradoOP 4.24/Content/New/Assets/Meshes/ArcadeMachine/AM_Cell.uasset" 24
"../../../../../UnrealProjects/ProyectoGrado/ProyectoGradoOP 4.24/Content/New/Assets/Meshes/ArcadeMachine/AM_Black_Cell.uasset" 25
"../../../../../UnrealProjects/ProyectoGrado/ProyectoGradoOP 4.24/Content/New/Assets/Meshes/ArcadeMachine/AM_Black_main.uasset" 26
"../../../../../UnrealProjects/ProyectoGrado/ProyectoGradoOP 4.24/Content/New/Assets/Meshes/ArcadeMachine/AM_Logo_T.uasset" 27
"../../../../../UnrealProjects/ProyectoGrado/ProyectoGradoOP 4.24/Content/New/Assets/Meshes/ArcadeMachine/AM_Logo.uasset" 28
"../../../../../UnrealProjects/ProyectoGrado/ProyectoGradoOP 4.24/Content/New/Assets/Meshes/ArcadeMachine/AM_Metal.uasset" 29
"../../../../../UnrealProjects/ProyectoGrado/ProyectoGradoOP 4.24/Content/New/Assets/Meshes/ArcadeMachine/AM_Screen_T.uasset" 30
"../../../../../UnrealProjects/ProyectoGrado/ProyectoGradoOP 4.24/Content/New/Assets/Meshes/ArcadeMachine/AM_Screen.uasset" 31
"../../../../../UnrealProjects/ProyectoGrado/ProyectoGradoOP 4.24/Content/New/Assets/Meshes/ArcadeMachine/AM_White_Plastic.uasset" 32
"../../../../../UnrealProjects/ProyectoGrado/ProyectoGradoOP 4.24/Content/New/Assets/Meshes/ArcadeMachine/Arcade_machine.uasset" 33
"../../../../../UnrealProjects/ProyectoGrado/ProyectoGradoOP 4.24/Content/New/Assets/Meshes/Arcade_machine.uasset" 34
"../../../../../UnrealProjects/ProyectoGrado/ProyectoGradoOP 4.24/Content/New/Assets/Meshes/Material_001.uasset" 35
"../../../../../UnrealProjects/ProyectoGrado/ProyectoGradoOP 4.24/Content/New/Assets/Meshes/Bathroom/Sink/Chrome_Satin.uasset" 36
"../../../../../UnrealProjects/ProyectoGrado/ProyectoGradoOP 4.24/Content/New/Assets/Meshes/Bathroom/Sink/derevo.uasset" 37
"../../../../../UnrealProjects/ProyectoGrado/ProyectoGradoOP 4.24/Content/New/Assets/Meshes/Bathroom/Sink/WoodFine0023_M.uasset" 38
"../../../../../UnrealProjects/ProyectoGrado/ProyectoGradoOP 4.24/Content/New/Assets/Meshes/Bathroom/Sink/Keramika.uasset" 39
"../../../../../UnrealProjects/ProyectoGrado/ProyectoGradoOP 4.24/Content/New/Assets/Meshes/Bathroom/Sink/NewSink.uasset" 40
"../../../../../UnrealProjects/ProyectoGrado/ProyectoGradoOP 4.24/Content/New/Assets/Meshes/Bathroom/Sink/WoodFine0023_bump.uasset" 41
"../../../../../UnrealProjects/ProyectoGrado/ProyectoGradoOP 4.24/Content/New/Assets/Meshes/Bathroom/Sink/BathSink1/diffuse_0.uasset" 42
"../../../../../UnrealProjects/ProyectoGrado/ProyectoGradoOP 4.24/Content/New/Assets/Meshes/Bathroom/Sink/BathSink1/Material_1.uasset" 43
"../../../../../UnrealProjects/ProyectoGrado/ProyectoGradoOP 4.24/Content/New/Assets/Meshes/Bathroom/Sink/KitchenSink/diffuse_0.uasset" 44
"../../../../../UnrealProjects/ProyectoGrado/ProyectoGradoOP 4.24/Content/New/Assets/Meshes/Bathroom/Sink/KitchenSink/Marble_Carrara_003_SD/Cherry.uasset" 45
"../../../../../UnrealProjects/ProyectoGrado/ProyectoGradoOP 4.24/Content/New/Assets/Meshes/Bathroom/Toilet/Ceramic.uasset" 46
"../../../../../UnrealProjects/ProyectoGrado/ProyectoGradoOP 4.24/Content/New/Assets/Meshes/Bathroom/Toilet/Plastic.uasset" 47
"../../../../../UnrealProjects/ProyectoGrado/ProyectoGradoOP 4.24/Content/New/Assets/Meshes/Bathroom/Toilet/Steel.uasset" 48
"../../../../../UnrealProjects/ProyectoGrado/ProyectoGradoOP 4.24/Content/New/Assets/Meshes/Bathroom/Toilet/BaseT.uasset" 49
"../../../../../UnrealProjects/ProyectoGrado/ProyectoGradoOP 4.24/Content/New/Assets/Meshes/BedRoom/WoodPlanksWorn33_COL_VAR1_3K.uasset" 50
"../../../../../UnrealProjects/ProyectoGrado/ProyectoGradoOP 4.24/Content/New/Assets/Meshes/Kitchen/Cabinete1Text.uasset" 51
"../../../../../UnrealProjects/ProyectoGrado/ProyectoGradoOP 4.24/Content/New/Assets/Meshes/Kitchen/Mat_Cabinete1.uasset" 52
"../../../../../UnrealProjects/ProyectoGrado/ProyectoGradoOP 4.24/Content/New/Assets/Meshes/Kitchen/Cabinete1.uasset" 53
"../../../../../UnrealProjects/ProyectoGrado/ProyectoGradoOP 4.24/Content/New/Assets/Meshes/Kitchen/Mat_Cabinete3.uasset" 54
"../../../../../UnrealProjects/ProyectoGrado/ProyectoGradoOP 4.24/Content/New/Assets/Meshes/Kitchen/Cabinete3.uasset" 55
"../../../../../UnrealProjects/ProyectoGrado/ProyectoGradoOP 4.24/Content/New/Assets/Meshes/Kitchen/uploads_files_909657_oven01.uasset" 56
"../../../../../UnrealProjects/ProyectoGrado/ProyectoGradoOP 4.24/Content/New/Assets/Meshes/Kitchen/blinn9.uasset" 57
"../../../../../UnrealProjects/ProyectoGrado/ProyectoGradoOP 4.24/Content/New/Assets/Meshes/Kitchen/lambert1.uasset" 58
"../../../../../UnrealProjects/ProyectoGrado/ProyectoGradoOP 4.24/Content/New/Assets/Meshes/Kitchen/Oven1.uasset" 59
"../../../../../UnrealProjects/ProyectoGrado/ProyectoGradoOP 4.24/Content/New/Assets/Meshes/Kitchen/uploads_files_909657_oven01_spec.uasset" 60
"../../../../../UnrealProjects/ProyectoGrado/ProyectoGradoOP 4.24/Content/New/Assets/Meshes/Kitchen/Texture/Metallic.uasset" 61
"../../../../../UnrealProjects/ProyectoGrado/ProyectoGradoOP 4.24/Content/New/Assets/Meshes/Kitchen/Texture/Samsung_Fridge_low_Samsung_Fridge_Emissive.uasset" 62
"../../../../../UnrealProjects/ProyectoGrado/ProyectoGradoOP 4.24/Content/New/Assets/Meshes/Lamp/eb_lamp_01_c.uasset" 63
"../../../../../UnrealProjects/ProyectoGrado/ProyectoGradoOP 4.24/Content/New/Assets/Materials/BaseMaterials/eb_lamp_01.uasset" 64
"../../../../../UnrealProjects/ProyectoGrado/ProyectoGradoOP 4.24/Content/New/Assets/Meshes/Lamp/eb_lamp_01_a_low.uasset" 65
"../../../../../UnrealProjects/ProyectoGrado/ProyectoGradoOP 4.24/Content/New/Assets/Meshes/Lamp/eb_lamp_01_b_low.uasset" 66
"../../../../../UnrealProjects/ProyectoGrado/ProyectoGradoOP 4.24/Content/New/Assets/Meshes/NightStand/Wood_Table_C.uasset" 67
"../../../../../UnrealProjects/ProyectoGrado/ProyectoGradoOP 4.24/Content/New/Assets/Materials/BaseMaterials/Wood_Table.uasset" 68
"../../../../../UnrealProjects/ProyectoGrado/ProyectoGradoOP 4.24/Content/New/Assets/Meshes/NightStand/Wood_Table_74_Wood_Table.uasset" 69
"../../../../../UnrealProjects/ProyectoGrado/ProyectoGradoOP 4.24/Content/New/Assets/Meshes/NightStand/Reflexion.uasset" 70
"../../../../../UnrealProjects/ProyectoGrado/ProyectoGradoOP 4.24/Content/New/Assets/Meshes/NightStand/Wood_Table_N.uasset" 71
"../../../../../UnrealProjects/ProyectoGrado/ProyectoGradoOP 4.24/Content/New/Assets/Meshes/NightStand/Wood_Table_Glass.uasset" 72
"../../../../../UnrealProjects/ProyectoGrado/ProyectoGradoOP 4.24/Content/New/Assets/Meshes/NightStand/Wood_Table_74_Wood_Table_Glass.uasset" 73
"../../../Engine/Content/Functions/Engine_MaterialFunctions01/Opacity/CameraDepthFade.uasset" 74
"../../../Engine/Content/EngineMaterials/T_Default_Material_Grid_M.uasset" 75
"../../../Engine/Content/EngineMaterials/T_Default_Material_Grid_N.uasset" 76
"../../../Engine/Content/EngineMaterials/WorldGridMaterial.uasset" 77
"../../../../../UnrealProjects/ProyectoGrado/ProyectoGradoOP 4.24/Content/New/Assets/Meshes/Stairs/3d-model.uasset" 78
"../../../../../UnrealProjects/ProyectoGrado/ProyectoGradoOP 4.24/Content/New/Assets/Textures/Concrete_Wall_001_Base_Color.uasset" 79
"../../../../../UnrealProjects/ProyectoGrado/ProyectoGradoOP 4.24/Content/New/Assets/Meshes/Stairs/M_Metal.uasset" 80
"../../../../../UnrealProjects/ProyectoGrado/ProyectoGradoOP 4.24/Content/New/Assets/Meshes/Stairs/Marble_900_x_634_px_mfr_14.uasset" 81
"../../../../../UnrealProjects/ProyectoGrado/ProyectoGradoOP 4.24/Content/New/Assets/Meshes/Stairs/wire_153214228.uasset" 82
"../../../../../UnrealProjects/ProyectoGrado/ProyectoGradoOP 4.24/Content/New/Assets/Meshes/Stairs/StairCase2.uasset" 83
"../../../../../UnrealProjects/ProyectoGrado/ProyectoGradoOP 4.24/Content/New/Assets/Meshes/Stairs/StairCase_Object01.uasset" 84
"../../../../../UnrealProjects/ProyectoGrado/ProyectoGradoOP 4.24/Content/New/Assets/Meshes/Stairs/StairCase_Object02.uasset" 85
"../../../../../UnrealProjects/ProyectoGrado/ProyectoGradoOP 4.24/Content/New/Assets/Meshes/Stairs/StairCase_sub04.uasset" 86
"../../../../../UnrealProjects/ProyectoGrado/ProyectoGradoOP 4.24/Content/New/Assets/Sounds/door-wooden-close-a-h6-ms.uasset" 87
"../../../../../UnrealProjects/ProyectoGrado/ProyectoGradoOP 4.24/Content/New/Assets/Sounds/dropping-wood-c.uasset" 88
"../../../../../UnrealProjects/ProyectoGrado/ProyectoGradoOP 4.24/Content/New/Assets/Sounds/BackgroundSongs/candy_jazz.uasset" 89
"../../../../../UnrealProjects/ProyectoGrado/ProyectoGradoOP 4.24/Content/New/Assets/Sounds/BackgroundSongs/cocktail_jazz_party.uasset" 90
"../../../../../UnrealProjects/ProyectoGrado/ProyectoGradoOP 4.24/Content/New/Assets/Sounds/BackgroundSongs/morning_coffee_jazz.uasset" 91
"../../../../../UnrealProjects/ProyectoGrado/ProyectoGradoOP 4.24/Content/New/Assets/Sounds/MPlaylist.uasset" 92
"../../../../../UnrealProjects/ProyectoGrado/ProyectoGradoOP 4.24/Content/New/Assets/Sounds/wood-bucket.uasset" 93
"../../../../../UnrealProjects/ProyectoGrado/ProyectoGradoOP 4.24/Content/New/Assets/Sounds/wood-on-wood.uasset" 94
"../../../../../UnrealProjects/ProyectoGrado/ProyectoGradoOP 4.24/Content/New/Assets/Sounds/wood-step-sample-1.uasset" 95
"../../../../../UnrealProjects/ProyectoGrado/ProyectoGradoOP 4.24/Content/New/Assets/Sounds/wooddebrisfall1.uasset" 96
"../../../../../UnrealProjects/ProyectoGrado/ProyectoGradoOP 4.24/Content/New/Assets/Sounds/BackgroundSongs/arabic-dance-2020.uasset" 97
"../../../../../UnrealProjects/ProyectoGrado/ProyectoGradoOP 4.24/Content/New/Assets/Sounds/BackgroundSongs/opa-191008-0073.uasset" 98
"../../../../../UnrealProjects/ProyectoGrado/ProyectoGradoOP 4.24/Content/New/Assets/Sounds/SoundEffects/dropping-wood-c.uasset" 99
"../../../../../UnrealProjects/ProyectoGrado/ProyectoGradoOP 4.24/Content/New/Assets/Sounds/SoundEffects/wooddebrisfall1.uasset" 100
"../../../../../UnrealProjects/ProyectoGrado/ProyectoGradoOP 4.24/Content/New/Assets/Sounds/TutorialRecords/Increible.uasset" 101
"../../../../../UnrealProjects/ProyectoGrado/ProyectoGradoOP 4.24/Content/New/Assets/Sounds/TutorialRecords/Bedroom/Bedroom3.uasset" 102
"../../../../../UnrealProjects/ProyectoGrado/ProyectoGradoOP 4.24/Content/New/Assets/Sounds/TutorialRecords/Bedroom/Bedroom4.uasset" 103
"../../../../../UnrealProjects/ProyectoGrado/ProyectoGradoOP 4.24/Content/New/Assets/Textures/Control.uasset" 104
"../../../../../UnrealProjects/ProyectoGrado/ProyectoGradoOP 4.24/Content/New/Assets/Textures/floor_tiles_tx.uasset" 105
"../../../../../UnrealProjects/ProyectoGrado/ProyectoGradoOP 4.24/Content/New/Assets/Textures/Wood_Furniture_tx.uasset" 106
"../../../../../UnrealProjects/ProyectoGrado/ProyectoGradoOP 4.24/Content/New/Assets/Meshes/PlayerParts/Hand_Skeleton.uasset" 107
"../../../../../UnrealProjects/ProyectoGrado/ProyectoGradoOP 4.24/Content/New/Assets/Meshes/PlayerParts/Hand_GrabAnimation.uasset" 108
"../../../../../UnrealProjects/ProyectoGrado/ProyectoGradoOP 4.24/Content/New/Assets/Meshes/PlayerParts/Hand_Idle.uasset" 109
"../../../Engine/Content/EditorBlueprintResources/StandardMacros.uasset" 110
"../../../../../UnrealProjects/ProyectoGrado/ProyectoGradoOP 4.24/Content/New/Assets/Meshes/PlayerParts/NewAnimBlueprint.uasset" 111
"../../../../../UnrealProjects/ProyectoGrado/ProyectoGradoOP 4.24/Content/New/BluePrints/Widgets/Usuario/FloorInfoStructure.uasset" 112
"../../../../../UnrealProjects/ProyectoGrado/ProyectoGradoOP 4.24/Content/New/BluePrints/Widgets/Usuario/PhotoStructure.uasset" 113
"../../../../../UnrealProjects/ProyectoGrado/ProyectoGradoOP 4.24/Content/New/BluePrints/Widgets/Usuario/ApartmentInfoStructure.uasset" 114
"../../../../../UnrealProjects/ProyectoGrado/ProyectoGradoOP 4.24/Content/New/BluePrints/NeighborhoodStructure.uasset" 115
"../../../../../UnrealProjects/ProyectoGrado/ProyectoGradoOP 4.24/Content/New/MapDisigner/Images/WhiteSquare.uasset" 116
"../../../../../UnrealProjects/ProyectoGrado/ProyectoGradoOP 4.24/Content/New/BluePrints/Widgets/WBP_MenuButton.uasset" 117
"../../../../../UnrealProjects/ProyectoGrado/ProyectoGradoOP 4.24/Content/New/BluePrints/Widgets/Usuario/Utilities/WBP_Letter.uasset" 118
"../../../../../UnrealProjects/ProyectoGrado/ProyectoGradoOP 4.24/Content/New/BluePrints/Widgets/Usuario/Utilities/LettersStructure.uasset" 119
"../../../../../UnrealProjects/ProyectoGrado/ProyectoGradoOP 4.24/Content/New/BluePrints/Widgets/Usuario/Utilities/WBP_Keyboard.uasset" 120
"../../../../../UnrealProjects/ProyectoGrado/ProyectoGradoOP 4.24/Content/JSon/Barrios2.uasset" 121
"../../../../../UnrealProjects/ProyectoGrado/ProyectoGradoOP 4.24/Content/New/Assets/Icons/UserIcons/Rating0.uasset" 122
"../../../../../UnrealProjects/ProyectoGrado/ProyectoGradoOP 4.24/Content/New/Assets/Icons/UserIcons/Rating1.uasset" 123
"../../../../../UnrealProjects/ProyectoGrado/ProyectoGradoOP 4.24/Content/New/Assets/Icons/UserIcons/Rating2.uasset" 124
"../../../../../UnrealProjects/ProyectoGrado/ProyectoGradoOP 4.24/Content/New/Assets/Icons/UserIcons/Rating3.uasset" 125
"../../../../../UnrealProjects/ProyectoGrado/ProyectoGradoOP 4.24/Content/New/Assets/Icons/UserIcons/Rating4.uasset" 126
"../../../../../UnrealProjects/ProyectoGrado/ProyectoGradoOP 4.24/Content/New/Assets/Icons/UserIcons/Rating5.uasset" 127
"../../../../../UnrealProjects/ProyectoGrado/ProyectoGradoOP 4.24/Content/New/BluePrints/Widgets/Usuario/WBP_Commentaries.uasset" 128
"../../../../../UnrealProjects/ProyectoGrado/ProyectoGradoOP 4.24/Content/New/MapDisigner/Images/Empty.uasset" 129
"../../../../../UnrealProjects/ProyectoGrado/ProyectoGradoOP 4.24/Content/New/MapDisigner/Widgets/ButtonsStructure.uasset" 130
"../../../../../UnrealProjects/ProyectoGrado/ProyectoGradoOP 4.24/Content/New/MapDisigner/Images/M_Furnitures.uasset" 131
"../../../../../UnrealProjects/ProyectoGrado/ProyectoGradoOP 4.24/Content/New/MapDisigner/Images/M_Furnitures_Inst.uasset" 132
"../../../../../UnrealProjects/ProyectoGrado/ProyectoGradoOP 4.24/Content/New/MapDisigner/Images/OnlyCellar.uasset" 133
"../../../../../UnrealProjects/ProyectoGrado/ProyectoGradoOP 4.24/Content/New/MapDisigner/Images/OnlyFloor.uasset" 134
"../../../../../UnrealProjects/ProyectoGrado/ProyectoGradoOP 4.24/Content/New/MapDisigner/Widgets/ButtonImage.uasset" 135
"../../../../../UnrealProjects/ProyectoGrado/ProyectoGradoOP 4.24/Content/New/MapDisigner/Widgets/ButtonContainer.uasset" 136
"../../../Engine/Content/EngineResources/WhiteSquareTexture.uasset" 137
"../../../../../UnrealProjects/ProyectoGrado/ProyectoGradoOP 4.24/Content/New/Assets/Icons/MovementBase.uasset" 138
"../../../../../UnrealProjects/ProyectoGrado/ProyectoGradoOP 4.24/Content/New/Assets/Icons/UserIcons/DeleteAll.uasset" 139
"../../../../../UnrealProjects/ProyectoGrado/ProyectoGradoOP 4.24/Content/New/Assets/Icons/UserIcons/DeleteCellar.uasset" 140
"../../../../../UnrealProjects/ProyectoGrado/ProyectoGradoOP 4.24/Content/New/Assets/Icons/UserIcons/DeleteFloor.uasset" 141
"../../../../../UnrealProjects/ProyectoGrado/ProyectoGradoOP 4.24/Content/New/Assets/Icons/UserIcons/NextBtn.uasset" 142
"../../../../../UnrealProjects/ProyectoGrado/ProyectoGradoOP 4.24/Content/New/Assets/Icons/UserIcons/Rotate_Icon.uasset" 143
"../../../../../UnrealProjects/ProyectoGrado/ProyectoGradoOP 4.24/Content/New/MapDisigner/Images/Furnitures/Lavamanos1.uasset" 144
"../../../../../UnrealProjects/ProyectoGrado/ProyectoGradoOP 4.24/Content/New/MapDisigner/Images/Furnitures/Mesera1.uasset" 145
"../../../../../UnrealProjects/ProyectoGrado/ProyectoGradoOP 4.24/Content/New/MapDisigner/Images/Furnitures/Stairs1.uasset" 146
"../../../../../UnrealProjects/ProyectoGrado/ProyectoGradoOP 4.24/Content/New/MapDisigner/Images/Furnitures/Stairs1_1.uasset" 147
"../../../../../UnrealProjects/ProyectoGrado/ProyectoGradoOP 4.24/Content/New/MapDisigner/Images/Furnitures/Stairs1_2.uasset" 148
"../../../../../UnrealProjects/ProyectoGrado/ProyectoGradoOP 4.24/Content/New/MapDisigner/Images/Furnitures/Stairs1_3.uasset" 149
"../../../../../UnrealProjects/ProyectoGrado/ProyectoGradoOP 4.24/Content/New/MapDisigner/Images/Furnitures/Stairs1_4.uasset" 150
"../../../../../UnrealProjects/ProyectoGrado/ProyectoGradoOP 4.24/Content/New/MapDisigner/Images/Furnitures/Toilet1.uasset" 151
"../../../../../UnrealProjects/ProyectoGrado/ProyectoGradoOP 4.24/Content/New/MapDisigner/Images/HouseParts/Door1.uasset" 152
"../../../../../UnrealProjects/ProyectoGrado/ProyectoGradoOP 4.24/Content/New/MapDisigner/Images/HouseParts/Door2.uasset" 153
"../../../../../UnrealProjects/ProyectoGrado/ProyectoGradoOP 4.24/Content/New/MapDisigner/Images/HouseParts/Door3.uasset" 154
"../../../../../UnrealProjects/ProyectoGrado/ProyectoGradoOP 4.24/Content/New/MapDisigner/Images/HouseParts/Door4.uasset" 155
"../../../../../UnrealProjects/ProyectoGrado/ProyectoGradoOP 4.24/Content/New/MapDisigner/Images/HouseParts/Door5.uasset" 156
"../../../../../UnrealProjects/ProyectoGrado/ProyectoGradoOP 4.24/Content/New/MapDisigner/Images/HouseParts/Door6.uasset" 157
"../../../../../UnrealProjects/ProyectoGrado/ProyectoGradoOP 4.24/Content/New/MapDisigner/Images/HouseParts/Fence1.uasset" 158
"../../../../../UnrealProjects/ProyectoGrado/ProyectoGradoOP 4.24/Content/New/MapDisigner/Images/HouseParts/Fence2.uasset" 159
"../../../../../UnrealProjects/ProyectoGrado/ProyectoGradoOP 4.24/Content/New/MapDisigner/Images/HouseParts/Fence3.uasset" 160
"../../../../../UnrealProjects/ProyectoGrado/ProyectoGradoOP 4.24/Content/New/MapDisigner/Images/HouseParts/Wall1.uasset" 161
"../../../../../UnrealProjects/ProyectoGrado/ProyectoGradoOP 4.24/Content/New/MapDisigner/Images/HouseParts/Wall2.uasset" 162
"../../../../../UnrealProjects/ProyectoGrado/ProyectoGradoOP 4.24/Content/New/MapDisigner/Images/HouseParts/Wall3.uasset" 163
"../../../../../UnrealProjects/ProyectoGrado/ProyectoGradoOP 4.24/Content/New/MapDisigner/Images/HouseParts/Wall4.uasset" 164
"../../../../../UnrealProjects/ProyectoGrado/ProyectoGradoOP 4.24/Content/New/MapDisigner/Images/HouseParts/Window1.uasset" 165
"../../../../../UnrealProjects/ProyectoGrado/ProyectoGradoOP 4.24/Content/New/MapDisigner/Widgets/WBP_Generator.uasset" 166
"../../../Engine/Content/Functions/Engine_MaterialFunctions01/Density/ExponentialDensity.uasset" 167
"../../../Engine/Content/Functions/Engine_MaterialFunctions01/Gradient/RadialGradientExponential.uasset" 168
"../../../../../UnrealProjects/ProyectoGrado/ProyectoGradoOP 4.24/Content/New/Assets/Materials/M_Retainer.uasset" 169
"../../../../../UnrealProjects/ProyectoGrado/ProyectoGradoOP 4.24/Content/New/Assets/Icons/UserIcons/HouseDefault.uasset" 170
"../../../../../UnrealProjects/ProyectoGrado/ProyectoGradoOP 4.24/Content/New/Assets/Icons/UserIcons/TrashCanClose.uasset" 171
"../../../../../UnrealProjects/ProyectoGrado/ProyectoGradoOP 4.24/Content/New/Assets/Icons/UserIcons/TrashCanOpen.uasset" 172
"../../../../../UnrealProjects/ProyectoGrado/ProyectoGradoOP 4.24/Content/New/BluePrints/Widgets/Usuario/WBP_ApartmentInfo.uasset" 173
"../../../../../UnrealProjects/ProyectoGrado/ProyectoGradoOP 4.24/Content/New/Assets/Icons/UserIcons/StarEmpty.uasset" 174
"../../../../../UnrealProjects/ProyectoGrado/ProyectoGradoOP 4.24/Content/New/Assets/Icons/UserIcons/StarFull.uasset" 175
"../../../../../UnrealProjects/ProyectoGrado/ProyectoGradoOP 4.24/Content/New/Assets/Icons/UserIcons/VRImage.uasset" 176
"../../../../../UnrealProjects/ProyectoGrado/ProyectoGradoOP 4.24/Content/New/Assets/Materials/WhiteSquareTexture.uasset" 177
"../../../../../UnrealProjects/ProyectoGrado/ProyectoGradoOP 4.24/Content/New/BluePrints/Widgets/Usuario/WBP_ApartSpecic.uasset" 178
"../../../../../UnrealProjects/ProyectoGrado/ProyectoGradoOP 4.24/Content/New/Assets/Icons/ProfileImages/AvatarBase.uasset" 179
"../../../../../UnrealProjects/ProyectoGrado/ProyectoGradoOP 4.24/Content/New/Assets/Icons/UserIcons/BackMarkerBase.uasset" 180
"../../../../../UnrealProjects/ProyectoGrado/ProyectoGradoOP 4.24/Content/New/Assets/Icons/UserIcons/BackMarkerNoSelected.uasset" 181
"../../../../../UnrealProjects/ProyectoGrado/ProyectoGradoOP 4.24/Content/New/Assets/Icons/UserIcons/BackMarkerSelected.uasset" 182
"../../../../../UnrealProjects/ProyectoGrado/ProyectoGradoOP 4.24/Content/New/Assets/Icons/UserIcons/HammerImage.uasset" 183
"../../../../../UnrealProjects/ProyectoGrado/ProyectoGradoOP 4.24/Content/New/Assets/Icons/UserIcons/Hand.uasset" 184
"../../../../../UnrealProjects/ProyectoGrado/ProyectoGradoOP 4.24/Content/New/Assets/Icons/UserIcons/LupaImage.uasset" 185
"../../../../../UnrealProjects/ProyectoGrado/ProyectoGradoOP 4.24/Content/New/Assets/Icons/UserIcons/NextBtn2.uasset" 186
"../../../../../UnrealProjects/ProyectoGrado/ProyectoGradoOP 4.24/Content/New/Assets/Icons/UserIcons/Penalization0.uasset" 187
"../../../../../UnrealProjects/ProyectoGrado/ProyectoGradoOP 4.24/Content/New/Assets/Icons/UserIcons/Penalization1.uasset" 188
"../../../../../UnrealProjects/ProyectoGrado/ProyectoGradoOP 4.24/Content/New/Assets/Icons/UserIcons/Penalization2.uasset" 189
"../../../../../UnrealProjects/ProyectoGrado/ProyectoGradoOP 4.24/Content/New/Assets/Icons/UserIcons/Penalization3.uasset" 190
"../../../../../UnrealProjects/ProyectoGrado/ProyectoGradoOP 4.24/Content/New/Assets/Icons/UserIcons/Penalization4.uasset" 191
"../../../../../UnrealProjects/ProyectoGrado/ProyectoGradoOP 4.24/Content/New/Assets/Icons/UserIcons/Penalization5.uasset" 192
"../../../../../UnrealProjects/ProyectoGrado/ProyectoGradoOP 4.24/Content/New/Assets/Icons/UserIcons/ProfileImage.uasset" 193
"../../../../../UnrealProjects/ProyectoGrado/ProyectoGradoOP 4.24/Content/New/Assets/Icons/UserIcons/StarImage.uasset" 194
"../../../../../UnrealProjects/ProyectoGrado/ProyectoGradoOP 4.24/Content/New/BluePrints/Widgets/Usuario/CommentaryStructure.uasset" 195
"../../../../../UnrealProjects/ProyectoGrado/ProyectoGradoOP 4.24/Content/New/Assets/Icons/LogoProyecto.uasset" 196
"../../../../../UnrealProjects/ProyectoGrado/ProyectoGradoOP 4.24/Content/New/Assets/Icons/sand-clock-png-2.uasset" 197
"../../../../../UnrealProjects/ProyectoGrado/ProyectoGradoOP 4.24/Content/New/BluePrints/Widgets/Usuario/WBP_LoadPage.uasset" 198
"../../../../../UnrealProjects/ProyectoGrado/ProyectoGradoOP 4.24/Content/New/BluePrints/Widgets/Usuario/WBP_ImageButton.uasset" 199
"../../../../../UnrealProjects/ProyectoGrado/ProyectoGradoOP 4.24/Content/New/BluePrints/Widgets/Usuario/WBP_ProfilePhotoSelection.uasset" 200
"../../../../../UnrealProjects/ProyectoGrado/ProyectoGradoOP 4.24/Content/New/BluePrints/Widgets/Usuario/WBP_Sesion.uasset" 201
"../../../../../UnrealProjects/ProyectoGrado/ProyectoGradoOP 4.24/Content/New/BluePrints/BP_SesionManager.uasset" 202
"../../../../../UnrealProjects/ProyectoGrado/ProyectoGradoOP 4.24/Content/New/BluePrints/Components/ImpactStructure.uasset" 203
"../../../../../UnrealProjects/ProyectoGrado/ProyectoGradoOP 4.24/Content/New/Assets/Materials/PhysicalMaterials/HeavyWoodPM.uasset" 204
"../../../../../UnrealProjects/ProyectoGrado/ProyectoGradoOP 4.24/Content/New/Assets/Materials/PhysicalMaterials/LightWoodPM.uasset" 205
"../../../../../UnrealProjects/ProyectoGrado/ProyectoGradoOP 4.24/Content/New/Assets/Materials/PhysicalMaterials/MetalPM.uasset" 206
"../../../../../UnrealProjects/ProyectoGrado/ProyectoGradoOP 4.24/Content/New/Assets/Materials/PhysicalMaterials/PlasticPM.uasset" 207
"../../../../../UnrealProjects/ProyectoGrado/ProyectoGradoOP 4.24/Content/New/Assets/Sounds/ObjectSoundAttenuation.uasset" 208
"../../../../../UnrealProjects/ProyectoGrado/ProyectoGradoOP 4.24/Content/New/Assets/Sounds/SoundEffects/door-wooden-close-a-h6-ms.uasset" 209
"../../../../../UnrealProjects/ProyectoGrado/ProyectoGradoOP 4.24/Content/New/Assets/Sounds/SoundEffects/wood-bucket.uasset" 210
"../../../../../UnrealProjects/ProyectoGrado/ProyectoGradoOP 4.24/Content/New/Assets/Sounds/SoundEffects/wood-on-wood.uasset" 211
"../../../../../UnrealProjects/ProyectoGrado/ProyectoGradoOP 4.24/Content/New/Assets/Sounds/SoundEffects/wood-step-sample-1.uasset" 212
"../../../../../UnrealProjects/ProyectoGrado/ProyectoGradoOP 4.24/Content/New/BluePrints/Components/BP_Impact.uasset" 213
"../../../Engine/Content/BasicShapes/BasicShapeMaterial.uasset" 214
"../../../../../UnrealProjects/ProyectoGrado/ProyectoGradoOP 4.24/Content/New/Assets/Meshes/Cube.uasset" 215
"../../../../../UnrealProjects/ProyectoGrado/ProyectoGradoOP 4.24/Content/New/BluePrints/InventoryStruct.uasset" 216
"../../../../../UnrealProjects/ProyectoGrado/ProyectoGradoOP 4.24/Content/New/BluePrints/ActionInterface.uasset" 217
"../../../../../UnrealProjects/ProyectoGrado/ProyectoGradoOP 4.24/Content/New/BluePrints/Widgets/WBP_InventorySlot.uasset" 218
"../../../../../UnrealProjects/ProyectoGrado/ProyectoGradoOP 4.24/Content/New/BluePrints/Widgets/WBP_TutorialGuide.uasset" 219
"../../../../../UnrealProjects/ProyectoGrado/ProyectoGradoOP 4.24/Content/New/BluePrints/Widgets/WBP_BasicHUD.uasset" 220
"../../../../../UnrealProjects/ProyectoGrado/ProyectoGradoOP 4.24/Content/New/BluePrints/InteractiveObjects/BP_Moveble.uasset" 221
"../../../../../UnrealProjects/ProyectoGrado/ProyectoGradoOP 4.24/Content/New/Assets/Icons/IC_CDPlayer.uasset" 222
"../../../../../UnrealProjects/ProyectoGrado/ProyectoGradoOP 4.24/Content/New/Assets/Meshes/CDPlayer/CD_Player_v1_diffuse1.uasset" 223
"../../../../../UnrealProjects/ProyectoGrado/ProyectoGradoOP 4.24/Content/New/Assets/Materials/BaseMaterials/CD_Player_v1_diffuse.uasset" 224
"../../../../../UnrealProjects/ProyectoGrado/ProyectoGradoOP 4.24/Content/New/Assets/Materials/MatelialInstances/CD_Player_v1_diffuse_Inst.uasset" 225
"../../../../../UnrealProjects/ProyectoGrado/ProyectoGradoOP 4.24/Content/New/Assets/Meshes/CDPlayer/CD_Player.uasset" 226
"../../../../../UnrealProjects/ProyectoGrado/ProyectoGradoOP 4.24/Content/New/BluePrints/InteractiveObjects/BP_Moveble_CDPlayer.uasset" 227
"../../../../../UnrealProjects/ProyectoGrado/ProyectoGradoOP 4.24/Content/New/Assets/Icons/IC_Chair.uasset" 228
"../../../../../UnrealProjects/ProyectoGrado/ProyectoGradoOP 4.24/Content/New/Assets/Meshes/Chair/T_Chair_01_D.uasset" 229
"../../../../../UnrealProjects/ProyectoGrado/ProyectoGradoOP 4.24/Content/New/Assets/Meshes/Chair/M_Chair_01.uasset" 230
"../../../../../UnrealProjects/ProyectoGrado/ProyectoGradoOP 4.24/Content/New/Assets/Meshes/Chair/SM_Chair_01.uasset" 231
"../../../../../UnrealProjects/ProyectoGrado/ProyectoGradoOP 4.24/Content/New/BluePrints/InteractiveObjects/BP_Moveble_Chair.uasset" 232
"../../../../../UnrealProjects/ProyectoGrado/ProyectoGradoOP 4.24/Content/New/Assets/Materials/MatelialInstances/M_lamp_Inst.uasset" 233
"../../../../../UnrealProjects/ProyectoGrado/ProyectoGradoOP 4.24/Content/New/Assets/Icons/IC_Lamp.uasset" 234
"../../../../../UnrealProjects/ProyectoGrado/ProyectoGradoOP 4.24/Content/New/Assets/Meshes/Lamp.uasset" 235
"../../../../../UnrealProjects/ProyectoGrado/ProyectoGradoOP 4.24/Content/New/BluePrints/InteractiveObjects/BP_Moveble_Lamp.uasset" 236
"../../../../../UnrealProjects/ProyectoGrado/ProyectoGradoOP 4.24/Content/New/Assets/Materials/MatelialInstances/Wood_Table_Inst.uasset" 237
"../../../../../UnrealProjects/ProyectoGrado/ProyectoGradoOP 4.24/Content/New/Assets/Icons/IC_NightStand.uasset" 238
"../../../../../UnrealProjects/ProyectoGrado/ProyectoGradoOP 4.24/Content/New/Assets/Meshes/NightStand.uasset" 239
"../../../../../UnrealProjects/ProyectoGrado/ProyectoGradoOP 4.24/Content/New/BluePrints/InteractiveObjects/BP_Moveble_NightStand.uasset" 240
"../../../../../UnrealProjects/ProyectoGrado/ProyectoGradoOP 4.24/Content/New/Assets/Icons/IC_NightStand2.uasset" 241
"../../../../../UnrealProjects/ProyectoGrado/ProyectoGradoOP 4.24/Content/New/Assets/Meshes/NightStandW/eb_nightstand_01_c.uasset" 242
"../../../../../UnrealProjects/ProyectoGrado/ProyectoGradoOP 4.24/Content/New/Assets/Materials/BaseMaterials/eb_nightstand_01.uasset" 243
"../../../../../UnrealProjects/ProyectoGrado/ProyectoGradoOP 4.24/Content/New/Assets/Materials/MatelialInstances/eb_nightstand_01_Inst.uasset" 244
"../../../../../UnrealProjects/ProyectoGrado/ProyectoGradoOP 4.24/Content/New/Assets/Meshes/NightStand2.uasset" 245
"../../../../../UnrealProjects/ProyectoGrado/ProyectoGradoOP 4.24/Content/New/BluePrints/InteractiveObjects/BP_Moveble_NightStand2.uasset" 246
"../../../../../UnrealProjects/ProyectoGrado/ProyectoGradoOP 4.24/Content/New/Assets/Meshes/Radio/Radio_D.uasset" 247
"../../../../../UnrealProjects/ProyectoGrado/ProyectoGradoOP 4.24/Content/New/Assets/Materials/BaseMaterials/Radio.uasset" 248
"../../../../../UnrealProjects/ProyectoGrado/ProyectoGradoOP 4.24/Content/New/Assets/Materials/MatelialInstances/Radio_Inst.uasset" 249
"../../../../../UnrealProjects/ProyectoGrado/ProyectoGradoOP 4.24/Content/New/Assets/Icons/IC_Radio.uasset" 250
"../../../../../UnrealProjects/ProyectoGrado/ProyectoGradoOP 4.24/Content/New/Assets/Meshes/Radio.uasset" 251
"../../../../../UnrealProjects/ProyectoGrado/ProyectoGradoOP 4.24/Content/New/BluePrints/InteractiveObjects/BP_Moveble_Radio.uasset" 252
"../../../../../UnrealProjects/ProyectoGrado/ProyectoGradoOP 4.24/Content/New/Assets/Icons/IC_TV.uasset" 253
"../../../../../UnrealProjects/ProyectoGrado/ProyectoGradoOP 4.24/Content/New/Assets/Meshes/TV_Plasma/GLASS.uasset" 254
"../../../../../UnrealProjects/ProyectoGrado/ProyectoGradoOP 4.24/Content/New/Assets/Meshes/TV_Plasma/Material_001.uasset" 255
"../../../../../UnrealProjects/ProyectoGrado/ProyectoGradoOP 4.24/Content/New/Assets/Meshes/TV_Plasma/Material_002.uasset" 256
"../../../../../UnrealProjects/ProyectoGrado/ProyectoGradoOP 4.24/Content/New/Assets/Meshes/TV_Plasma/Material_003.uasset" 257
"../../../../../UnrealProjects/ProyectoGrado/ProyectoGradoOP 4.24/Content/New/Assets/Meshes/TV_Plasma/Material_004.uasset" 258
"../../../../../UnrealProjects/ProyectoGrado/ProyectoGradoOP 4.24/Content/New/Assets/Meshes/TV_Plasma/Material_005.uasset" 259
"../../../../../UnrealProjects/ProyectoGrado/ProyectoGradoOP 4.24/Content/New/Assets/Meshes/TV_Plasma/Material_006.uasset" 260
"../../../../../UnrealProjects/ProyectoGrado/ProyectoGradoOP 4.24/Content/New/Assets/Meshes/TV_Plasma/Material_007.uasset" 261
"../../../../../UnrealProjects/ProyectoGrado/ProyectoGradoOP 4.24/Content/New/Assets/Meshes/TV_Plasma/Material_008.uasset" 262
"../../../../../UnrealProjects/ProyectoGrado/ProyectoGradoOP 4.24/Content/New/Assets/Meshes/TV_Plasma/Material_009.uasset" 263
"../../../../../UnrealProjects/ProyectoGrado/ProyectoGradoOP 4.24/Content/New/Assets/Meshes/TV_Plasma/Material_010.uasset" 264
"../../../../../UnrealProjects/ProyectoGrado/ProyectoGradoOP 4.24/Content/New/Assets/Meshes/TV_Plasma/Material_011.uasset" 265
"../../../../../UnrealProjects/ProyectoGrado/ProyectoGradoOP 4.24/Content/New/Assets/Meshes/TV_Plasma/metal.uasset" 266
"../../../../../UnrealProjects/ProyectoGrado/ProyectoGradoOP 4.24/Content/New/Assets/Meshes/TV_Plasma/STAND.uasset" 267
"../../../../../UnrealProjects/ProyectoGrado/ProyectoGradoOP 4.24/Content/New/Assets/Meshes/TV_Plasma/YELLOW_RUB.uasset" 268
"../../../../../UnrealProjects/ProyectoGrado/ProyectoGradoOP 4.24/Content/New/Assets/Meshes/TV_Plasma/SmartTV.uasset" 269
"../../../../../UnrealProjects/ProyectoGrado/ProyectoGradoOP 4.24/Content/New/BluePrints/InteractiveObjects/BP_Moveble_TV.uasset" 270
"../../../../../UnrealProjects/ProyectoGrado/ProyectoGradoOP 4.24/Content/New/Assets/Materials/BaseMaterials/fliesen2.uasset" 271
"../../../../../UnrealProjects/ProyectoGrado/ProyectoGradoOP 4.24/Content/New/Assets/Materials/MatelialInstances/Baldosa_Inst.uasset" 272
"../../../../../UnrealProjects/ProyectoGrado/ProyectoGradoOP 4.24/Content/New/Assets/Textures/Tiles_028_basecolor.uasset" 273
"../../../../../UnrealProjects/ProyectoGrado/ProyectoGradoOP 4.24/Content/New/Assets/Materials/BaseMaterials/ColorTiles.uasset" 274
"../../../../../UnrealProjects/ProyectoGrado/ProyectoGradoOP 4.24/Content/New/Assets/Materials/MatelialInstances/ColorTiles_Inst.uasset" 275
"../../../../../UnrealProjects/ProyectoGrado/ProyectoGradoOP 4.24/Content/New/Assets/Materials/BaseMaterials/Concret_Heavy.uasset" 276
"../../../../../UnrealProjects/ProyectoGrado/ProyectoGradoOP 4.24/Content/New/Assets/Materials/MatelialInstances/Concret_Heavy_Inst.uasset" 277
"../../../../../UnrealProjects/ProyectoGrado/ProyectoGradoOP 4.24/Content/New/Assets/Textures/Concrete_Wall_002_basecolor.uasset" 278
"../../../../../UnrealProjects/ProyectoGrado/ProyectoGradoOP 4.24/Content/New/Assets/Materials/BaseMaterials/Concret_Light.uasset" 279
"../../../../../UnrealProjects/ProyectoGrado/ProyectoGradoOP 4.24/Content/New/Assets/Materials/MatelialInstances/Concret_Light_Inst.uasset" 280
"../../../../../UnrealProjects/ProyectoGrado/ProyectoGradoOP 4.24/Content/New/Assets/Textures/Tiles_033_basecolor.uasset" 281
"../../../../../UnrealProjects/ProyectoGrado/ProyectoGradoOP 4.24/Content/New/Assets/Materials/BaseMaterials/M_Cross_Tiles.uasset" 282
"../../../../../UnrealProjects/ProyectoGrado/ProyectoGradoOP 4.24/Content/New/Assets/Materials/MatelialInstances/M_Cross_Tiles_Inst.uasset" 283
"../../../../../UnrealProjects/ProyectoGrado/ProyectoGradoOP 4.24/Content/New/Assets/Textures/Tiles_Star_and_Cross_001_basecolor.uasset" 284
"../../../../../UnrealProjects/ProyectoGrado/ProyectoGradoOP 4.24/Content/New/Assets/Materials/BaseMaterials/M_Stars_Tiles.uasset" 285
"../../../../../UnrealProjects/ProyectoGrado/ProyectoGradoOP 4.24/Content/New/Assets/Materials/MatelialInstances/M_Stars_Tiles_Inst.uasset" 286
"../../../../../UnrealProjects/ProyectoGrado/ProyectoGradoOP 4.24/Content/New/Assets/Textures/Marble_Tiles_001_basecolor.uasset" 287
"../../../../../UnrealProjects/ProyectoGrado/ProyectoGradoOP 4.24/Content/New/Assets/Materials/BaseMaterials/Marble_Tiles.uasset" 288
"../../../../../UnrealProjects/ProyectoGrado/ProyectoGradoOP 4.24/Content/New/Assets/Materials/MatelialInstances/Marble_Tiles_Inst.uasset" 289
"../../../../../UnrealProjects/ProyectoGrado/ProyectoGradoOP 4.24/Content/New/Assets/Textures/Tiles_Azulejos_004_COLOR.uasset" 290
"../../../../../UnrealProjects/ProyectoGrado/ProyectoGradoOP 4.24/Content/New/Assets/Materials/BaseMaterials/Oldy_Tiles.uasset" 291
"../../../../../UnrealProjects/ProyectoGrado/ProyectoGradoOP 4.24/Content/New/Assets/Materials/MatelialInstances/Oldy_Tiles_Inst.uasset" 292
"../../../../../UnrealProjects/ProyectoGrado/ProyectoGradoOP 4.24/Content/New/Assets/Textures/Rubber_Floor_001_ambientOcclusion.uasset" 293
"../../../../../UnrealProjects/ProyectoGrado/ProyectoGradoOP 4.24/Content/New/Assets/Materials/BaseMaterials/Rubber_Tiles.uasset" 294
"../../../../../UnrealProjects/ProyectoGrado/ProyectoGradoOP 4.24/Content/New/Assets/Materials/MatelialInstances/Rubber_Tiles_Inst.uasset" 295
"../../../Engine/Content/EngineMaterials/BlendFunc_DefBase.uasset" 296
"../../../Engine/Content/EngineMaterials/BlendFunc_DefBlend.uasset" 297
"../../../Engine/Content/Functions/Engine_MaterialFunctions03/Blends/Blend_Overlay.uasset" 298
"../../../../../UnrealProjects/ProyectoGrado/ProyectoGradoOP 4.24/Content/New/Assets/Textures/Wall_tx2.uasset" 299
"../../../../../UnrealProjects/ProyectoGrado/ProyectoGradoOP 4.24/Content/New/Assets/Materials/BaseMaterials/WallStones.uasset" 300
"../../../../../UnrealProjects/ProyectoGrado/ProyectoGradoOP 4.24/Content/New/Assets/Materials/MatelialInstances/WallStones_Inst.uasset" 301
"../../../../../UnrealProjects/ProyectoGrado/ProyectoGradoOP 4.24/Content/New/Assets/Textures/Wall_tx1.uasset" 302
"../../../../../UnrealProjects/ProyectoGrado/ProyectoGradoOP 4.24/Content/New/Assets/Materials/BaseMaterials/WallTapizBase.uasset" 303
"../../../../../UnrealProjects/ProyectoGrado/ProyectoGradoOP 4.24/Content/New/Assets/Textures/WallTextureBase.uasset" 304
"../../../../../UnrealProjects/ProyectoGrado/ProyectoGradoOP 4.24/Content/New/Assets/Materials/MatelialInstances/walltapiz2_Inst.uasset" 305
"../../../../../UnrealProjects/ProyectoGrado/ProyectoGradoOP 4.24/Content/New/Assets/Textures/Wall_tx3.uasset" 306
"../../../../../UnrealProjects/ProyectoGrado/ProyectoGradoOP 4.24/Content/New/Assets/Materials/BaseMaterials/walltapiz.uasset" 307
"../../../../../UnrealProjects/ProyectoGrado/ProyectoGradoOP 4.24/Content/New/Assets/Materials/MatelialInstances/walltapiz_Inst.uasset" 308
"../../../../../UnrealProjects/ProyectoGrado/ProyectoGradoOP 4.24/Content/New/Assets/Textures/Dark_Wood_Floor.uasset" 309
"../../../../../UnrealProjects/ProyectoGrado/ProyectoGradoOP 4.24/Content/New/Assets/Materials/BaseMaterials/wooden.uasset" 310
"../../../../../UnrealProjects/ProyectoGrado/ProyectoGradoOP 4.24/Content/New/Assets/Materials/MatelialInstances/wooden_Inst.uasset" 311
"../../../../../UnrealProjects/ProyectoGrado/ProyectoGradoOP 4.24/Content/New/Assets/Icons/ProfileImages/AvatarBatman.uasset" 312
"../../../../../UnrealProjects/ProyectoGrado/ProyectoGradoOP 4.24/Content/New/Assets/Icons/ProfileImages/AvatarBlanquita.uasset" 313
"../../../../../UnrealProjects/ProyectoGrado/ProyectoGradoOP 4.24/Content/New/Assets/Icons/ProfileImages/AvatarDeadPool.uasset" 314
"../../../../../UnrealProjects/ProyectoGrado/ProyectoGradoOP 4.24/Content/New/Assets/Icons/ProfileImages/AvatarHarleyQuinn.uasset" 315
"../../../../../UnrealProjects/ProyectoGrado/ProyectoGradoOP 4.24/Content/New/Assets/Icons/ProfileImages/AvatarHitgirl.uasset" 316
"../../../../../UnrealProjects/ProyectoGrado/ProyectoGradoOP 4.24/Content/New/Assets/Icons/ProfileImages/AvatarJohnWick.uasset" 317
"../../../../../UnrealProjects/ProyectoGrado/ProyectoGradoOP 4.24/Content/New/Assets/Icons/ProfileImages/AvatarMujer.uasset" 318
"../../../../../UnrealProjects/ProyectoGrado/ProyectoGradoOP 4.24/Content/New/Assets/Icons/ProfileImages/AvatarRandy.uasset" 319
"../../../../../UnrealProjects/ProyectoGrado/ProyectoGradoOP 4.24/Content/New/Assets/Sounds/BackgroundSongs/candy_jazz2.uasset" 320
"../../../../../UnrealProjects/ProyectoGrado/ProyectoGradoOP 4.24/Content/New/Assets/Sounds/BackgroundSongs/cocktail_jazz2_party.uasset" 321
"../../../../../UnrealProjects/ProyectoGrado/ProyectoGradoOP 4.24/Content/New/Assets/Sounds/BackgroundSongs/creepy-music-box.uasset" 322
"../../../../../UnrealProjects/ProyectoGrado/ProyectoGradoOP 4.24/Content/New/Assets/Sounds/BackgroundSongs/ghosts-of-mountains.uasset" 323
"../../../../../UnrealProjects/ProyectoGrado/ProyectoGradoOP 4.24/Content/New/Assets/Sounds/BackgroundSongs/morning_coffee_jazz2.uasset" 324
"../../../../../UnrealProjects/ProyectoGrado/ProyectoGradoOP 4.24/Content/New/Assets/Sounds/TutorialRecords/Bathroom/Bathroom.uasset" 325
"../../../../../UnrealProjects/ProyectoGrado/ProyectoGradoOP 4.24/Content/New/Assets/Sounds/TutorialRecords/Bathroom/Bathroom2.uasset" 326
"../../../../../UnrealProjects/ProyectoGrado/ProyectoGradoOP 4.24/Content/New/Assets/Sounds/TutorialRecords/Bathroom/Bathroom3.uasset" 327
"../../../../../UnrealProjects/ProyectoGrado/ProyectoGradoOP 4.24/Content/New/Assets/Sounds/TutorialRecords/Bathroom/Bathroom4.uasset" 328
"../../../../../UnrealProjects/ProyectoGrado/ProyectoGradoOP 4.24/Content/New/Assets/Sounds/TutorialRecords/Bathroom/Bathroom5.uasset" 329
"../../../../../UnrealProjects/ProyectoGrado/ProyectoGradoOP 4.24/Content/New/Assets/Sounds/TutorialRecords/Bedroom/Bedroom1.uasset" 330
"../../../../../UnrealProjects/ProyectoGrado/ProyectoGradoOP 4.24/Content/New/Assets/Sounds/TutorialRecords/Bedroom/Bedroom2.uasset" 331
"../../../../../UnrealProjects/ProyectoGrado/ProyectoGradoOP 4.24/Content/New/Assets/Sounds/TutorialRecords/BienvenidoTutorial.uasset" 332
"../../../../../UnrealProjects/ProyectoGrado/ProyectoGradoOP 4.24/Content/New/Assets/Sounds/TutorialRecords/Kitchen/Kitchen.uasset" 333
"../../../../../UnrealProjects/ProyectoGrado/ProyectoGradoOP 4.24/Content/New/Assets/Sounds/TutorialRecords/Kitchen/Kitchen2.uasset" 334
"../../../../../UnrealProjects/ProyectoGrado/ProyectoGradoOP 4.24/Content/New/Assets/Sounds/TutorialRecords/Kitchen/Kitchen3.uasset" 335
"../../../../../UnrealProjects/ProyectoGrado/ProyectoGradoOP 4.24/Content/New/Assets/Sounds/TutorialRecords/Kitchen/Kitchen4.uasset" 336
"../../../../../UnrealProjects/ProyectoGrado/ProyectoGradoOP 4.24/Content/New/Assets/Sounds/TutorialRecords/Kitchen/Kitchen5.uasset" 337
"../../../../../UnrealProjects/ProyectoGrado/ProyectoGradoOP 4.24/Content/New/Assets/Sounds/TutorialRecords/Livingroom/Livingroom1.uasset" 338
"../../../../../UnrealProjects/ProyectoGrado/ProyectoGradoOP 4.24/Content/New/Assets/Sounds/TutorialRecords/Livingroom/Livingroom2.uasset" 339
"../../../../../UnrealProjects/ProyectoGrado/ProyectoGradoOP 4.24/Content/New/Assets/Sounds/TutorialRecords/Livingroom/Livingroom3.uasset" 340
"../../../../../UnrealProjects/ProyectoGrado/ProyectoGradoOP 4.24/Content/New/Assets/Sounds/TutorialRecords/Livingroom/Livingroom4.uasset" 341
"../../../../../UnrealProjects/ProyectoGrado/ProyectoGradoOP 4.24/Content/New/Assets/Sounds/TutorialRecords/Livingroom/Livingroom5.uasset" 342
"../../../../../UnrealProjects/ProyectoGrado/ProyectoGradoOP 4.24/Content/New/BluePrints/Components/MaterialStructure.uasset" 343
"../../../../../UnrealProjects/ProyectoGrado/ProyectoGradoOP 4.24/Content/New/BluePrints/Components/MovebleObjsStructure.uasset" 344
"../../../../../UnrealProjects/ProyectoGrado/ProyectoGradoOP 4.24/Content/New/BluePrints/Components/SongsStructure.uasset" 345
"../../../../../UnrealProjects/ProyectoGrado/ProyectoGradoOP 4.24/Content/New/BluePrints/BP_GameInstance.uasset" 346
"../../../../../UnrealProjects/ProyectoGrado/ProyectoGradoOP 4.24/Content/New/BluePrints/Widgets/WBP_BasicHUDInfinite.uasset" 347
"../../../Engine/Content/Functions/Engine_MaterialFunctions02/Utility/VectorToRadialValue.uasset" 348
"../../../../../UnrealProjects/ProyectoGrado/ProyectoGradoOP 4.24/Content/New/Assets/Materials/RadialMaterial.uasset" 349
"../../../../../UnrealProjects/ProyectoGrado/ProyectoGradoOP 4.24/Content/New/BluePrints/Widgets/WBP_RadialTimer.uasset" 350
"../../../../../UnrealProjects/ProyectoGrado/ProyectoGradoOP 4.24/Content/New/BluePrints/BP_RadialTimer.uasset" 351
"../../../../../UnrealProjects/ProyectoGrado/ProyectoGradoOP 4.24/Content/New/Assets/Textures/Brick_tx.uasset" 352
"../../../../../UnrealProjects/ProyectoGrado/ProyectoGradoOP 4.24/Content/New/Assets/Materials/BaseMaterials/brick.uasset" 353
"../../../../../UnrealProjects/ProyectoGrado/ProyectoGradoOP 4.24/Content/New/BluePrints/InteractiveObjects/BP_InteractiveBase.uasset" 354
"../../../../../UnrealProjects/ProyectoGrado/ProyectoGradoOP 4.24/Content/New/BluePrints/TextureStruct.uasset" 355
"../../../../../UnrealProjects/ProyectoGrado/ProyectoGradoOP 4.24/Content/New/BluePrints/Widgets/WBP_FloorTexturePicker.uasset" 356
"../../../../../UnrealProjects/ProyectoGrado/ProyectoGradoOP 4.24/Content/New/BluePrints/Widgets/BP_FloorTexturePicker.uasset" 357
"../../../../../UnrealProjects/ProyectoGrado/ProyectoGradoOP 4.24/Content/New/BluePrints/ObjectStruct.uasset" 358
"../../../../../UnrealProjects/ProyectoGrado/ProyectoGradoOP 4.24/Content/New/Assets/Meshes/Kitchen/Cabinete2Text.uasset" 359
"../../../../../UnrealProjects/ProyectoGrado/ProyectoGradoOP 4.24/Content/New/Assets/Meshes/Kitchen/Mat_Cabinete2.uasset" 360
"../../../../../UnrealProjects/ProyectoGrado/ProyectoGradoOP 4.24/Content/New/Assets/Meshes/Kitchen/Cabinete2.uasset" 361
"../../../../../UnrealProjects/ProyectoGrado/ProyectoGradoOP 4.24/Content/New/BluePrints/Widgets/WBP_ObjectPicker.uasset" 362
"../../../../../UnrealProjects/ProyectoGrado/ProyectoGradoOP 4.24/Content/New/BluePrints/Widgets/BP_ObjectPicker.uasset" 363
"../../../../../UnrealProjects/ProyectoGrado/ProyectoGradoOP 4.24/Content/New/Assets/Materials/MatelialInstances/WallTapiz_Inst_Blue.uasset" 364
"../../../../../UnrealProjects/ProyectoGrado/ProyectoGradoOP 4.24/Content/New/Assets/Materials/MatelialInstances/WallTapiz_Inst_Green.uasset" 365
"../../../../../UnrealProjects/ProyectoGrado/ProyectoGradoOP 4.24/Content/New/Assets/Materials/MatelialInstances/WallTapiz_Inst_Red.uasset" 366
"../../../../../UnrealProjects/ProyectoGrado/ProyectoGradoOP 4.24/Content/New/Assets/Textures/WallTextureBase_Blue.uasset" 367
"../../../../../UnrealProjects/ProyectoGrado/ProyectoGradoOP 4.24/Content/New/Assets/Textures/WallTextureBase_Green.uasset" 368
"../../../../../UnrealProjects/ProyectoGrado/ProyectoGradoOP 4.24/Content/New/Assets/Textures/WallTextureBase_Red.uasset" 369
"../../../../../UnrealProjects/ProyectoGrado/ProyectoGradoOP 4.24/Content/New/BluePrints/Widgets/WBP_WallTexturePicker.uasset" 370
"../../../../../UnrealProjects/ProyectoGrado/ProyectoGradoOP 4.24/Content/New/BluePrints/Widgets/BP_WallTexturePicker.uasset" 371
"../../../../../UnrealProjects/ProyectoGrado/ProyectoGradoOP 4.24/Content/New/BuildingGenerator/Meshes/Walls/Wall3.uasset" 372
"../../../../../UnrealProjects/ProyectoGrado/ProyectoGradoOP 4.24/Content/New/BuildingGenerator/AbstractFactory/AbstractProduct.uasset" 373
"../../../../../UnrealProjects/ProyectoGrado/ProyectoGradoOP 4.24/Content/New/BuildingGenerator/Meshes/FloorFinal.uasset" 374
"../../../../../UnrealProjects/ProyectoGrado/ProyectoGradoOP 4.24/Content/New/BuildingGenerator/AbstractFactory/FloorCellarProduct.uasset" 375
"../../../../../UnrealProjects/ProyectoGrado/ProyectoGradoOP 4.24/Content/New/Assets/Meshes/Bathroom/Toilet/Toilet1.uasset" 376
"../../../../../UnrealProjects/ProyectoGrado/ProyectoGradoOP 4.24/Content/New/BuildingGenerator/AbstractFactory/ObjectProduct.uasset" 377
"../../../../../UnrealProjects/ProyectoGrado/ProyectoGradoOP 4.24/Content/New/BuildingGenerator/AbstractFactory/WallProduct.uasset" 378
"../../../../../UnrealProjects/ProyectoGrado/ProyectoGradoOP 4.24/Content/New/Assets/Materials/BaseMaterials/Glas.uasset" 379
"../../../../../UnrealProjects/ProyectoGrado/ProyectoGradoOP 4.24/Content/New/Assets/Materials/M_FlatBlue.uasset" 380
"../../../../../UnrealProjects/ProyectoGrado/ProyectoGradoOP 4.24/Content/New/Assets/Meshes/PlayerParts/FeetMat.uasset" 381
"../../../../../UnrealProjects/ProyectoGrado/ProyectoGradoOP 4.24/Content/New/Assets/Meshes/PlayerParts/Feet.uasset" 382
"../../../../../UnrealProjects/ProyectoGrado/ProyectoGradoOP 4.24/Content/New/Assets/Meshes/PlayerParts/Material.uasset" 383
"../../../../../UnrealProjects/ProyectoGrado/ProyectoGradoOP 4.24/Content/New/Assets/Meshes/PlayerParts/Hand_Physics.uasset" 384
"../../../../../UnrealProjects/ProyectoGrado/ProyectoGradoOP 4.24/Content/New/Assets/Meshes/PlayerParts/Hand_Mesh.uasset" 385
"../../../../../UnrealProjects/ProyectoGrado/ProyectoGradoOP 4.24/Content/New/Assets/Icons/Cellphone_Frame.uasset" 386
"../../../../../UnrealProjects/ProyectoGrado/ProyectoGradoOP 4.24/Content/New/Assets/Icons/UserIcons/Accept.uasset" 387
"../../../../../UnrealProjects/ProyectoGrado/ProyectoGradoOP 4.24/Content/New/Assets/Icons/UserIcons/Cancel.uasset" 388
"../../../../../UnrealProjects/ProyectoGrado/ProyectoGradoOP 4.24/Content/New/BluePrints/Widgets/WBP_Cellphone_Screenshoots.uasset" 389
"../../../../../UnrealProjects/ProyectoGrado/ProyectoGradoOP 4.24/Content/New/BluePrints/Widgets/WBP_Options.uasset" 390
"../../../../../UnrealProjects/ProyectoGrado/ProyectoGradoOP 4.24/Content/New/BluePrints/Widgets/WBP_RadioPlayer.uasset" 391
"../../../../../UnrealProjects/ProyectoGrado/ProyectoGradoOP 4.24/Content/New/Assets/Textures/ControlMapping.uasset" 392
"../../../../../UnrealProjects/ProyectoGrado/ProyectoGradoOP 4.24/Content/New/BluePrints/Widgets/WBP_MainOptionsMenu.uasset" 393
"../../../../../UnrealProjects/ProyectoGrado/ProyectoGradoOP 4.24/Content/New/BluePrints/BP_PlayerBase.uasset" 394
"../../../../../UnrealProjects/ProyectoGrado/ProyectoGradoOP 4.24/Content/New/BluePrints/BP_GameMode.uasset" 395
"../../../../../UnrealProjects/ProyectoGrado/ProyectoGradoOP 4.24/Content/New/BluePrints/Components/BP_MusicPlayer.uasset" 396
"../../../../../UnrealProjects/ProyectoGrado/ProyectoGradoOP 4.24/Content/New/Assets/Meshes/BaseBox.uasset" 397
"../../../../../UnrealProjects/ProyectoGrado/ProyectoGradoOP 4.24/Content/New/BluePrints/InteractiveObjects/BP_ChangebleBase.uasset" 398
"../../../../../UnrealProjects/ProyectoGrado/ProyectoGradoOP 4.24/Content/New/BluePrints/InteractiveObjects/BP_Floor.uasset" 399
"../../../../../UnrealProjects/ProyectoGrado/ProyectoGradoOP 4.24/Content/New/BluePrints/Widgets/BP_MovementSelector.uasset" 400
"../../../../../UnrealProjects/ProyectoGrado/ProyectoGradoOP 4.24/Content/New/Assets/Sounds/MP_radio.uasset" 401
"../../../../../UnrealProjects/ProyectoGrado/ProyectoGradoOP 4.24/Content/New/BluePrints/Widgets/BP_MusicSelector.uasset" 402
"../../../../../UnrealProjects/ProyectoGrado/ProyectoGradoOP 4.24/Content/New/BluePrints/InteractiveObjects/BP_InteractiveBase_Radio.uasset" 403
"../../../../../UnrealProjects/ProyectoGrado/ProyectoGradoOP 4.24/Content/New/BluePrints/InteractiveObjects/BP_InteractiveMovMachine.uasset" 404
"../../../../../UnrealProjects/ProyectoGrado/ProyectoGradoOP 4.24/Content/New/BluePrints/InteractiveObjects/BP_Moveble_Child.uasset" 405
"../../../../../UnrealProjects/ProyectoGrado/ProyectoGradoOP 4.24/Content/New/Assets/Meshes/Lamp/eb_lamp_01_c_low.uasset" 406
"../../../../../UnrealProjects/ProyectoGrado/ProyectoGradoOP 4.24/Content/New/BluePrints/InteractiveObjects/LampLight.uasset" 407
"../../../../../UnrealProjects/ProyectoGrado/ProyectoGradoOP 4.24/Content/New/BluePrints/Widgets/BP_BasicContainer.uasset" 408
"../../../../../UnrealProjects/ProyectoGrado/ProyectoGradoOP 4.24/Content/New/BluePrints/BP_ConnectionManager.uasset" 409
"../../../../../UnrealProjects/ProyectoGrado/ProyectoGradoOP 4.24/Content/New/BluePrints/Widgets/Usuario/WBP_Login.uasset" 410
"../../../../../UnrealProjects/ProyectoGrado/ProyectoGradoOP 4.24/Content/New/BluePrints/Widgets/WBP_Login.uasset" 411
"../../../../../UnrealProjects/ProyectoGrado/ProyectoGradoOP 4.24/Content/New/BuildingGenerator/StructureBase.uasset" 412
"../../../../../UnrealProjects/ProyectoGrado/ProyectoGradoOP 4.24/Content/New/BuildingGenerator/TelepCSV.uasset" 413
"../../../../../UnrealProjects/ProyectoGrado/ProyectoGradoOP 4.24/Content/New/BuildingGenerator/AbstractFactory/TriggerProduct.uasset" 414
"../../../../../UnrealProjects/ProyectoGrado/ProyectoGradoOP 4.24/Content/New/Assets/Meshes/Bathroom/Sink/BathSink1/simple_sink_3d_model.uasset" 415
"../../../../../UnrealProjects/ProyectoGrado/ProyectoGradoOP 4.24/Content/New/Assets/Meshes/BedRoom/WoodFineDark004_COL_3K.uasset" 416
"../../../../../UnrealProjects/ProyectoGrado/ProyectoGradoOP 4.24/Content/New/Assets/Meshes/BedRoom/WoodPlanksWorn33_COL_VAR2_3K.uasset" 417
"../../../../../UnrealProjects/ProyectoGrado/ProyectoGradoOP 4.24/Content/New/Assets/Meshes/BedRoom/Material_003.uasset" 418
"../../../../../UnrealProjects/ProyectoGrado/ProyectoGradoOP 4.24/Content/New/Assets/Meshes/BedRoom/Material_004.uasset" 419
"../../../../../UnrealProjects/ProyectoGrado/ProyectoGradoOP 4.24/Content/New/Assets/Meshes/BedRoom/Material_007.uasset" 420
"../../../../../UnrealProjects/ProyectoGrado/ProyectoGradoOP 4.24/Content/New/Assets/Meshes/BedRoom/Material_008.uasset" 421
"../../../../../UnrealProjects/ProyectoGrado/ProyectoGradoOP 4.24/Content/New/Assets/Meshes/BedRoom/Material_014.uasset" 422
"../../../../../UnrealProjects/ProyectoGrado/ProyectoGradoOP 4.24/Content/New/Assets/Meshes/BedRoom/Material_015.uasset" 423
"../../../../../UnrealProjects/ProyectoGrado/ProyectoGradoOP 4.24/Content/New/Assets/Meshes/BedRoom/Material_018.uasset" 424
"../../../../../UnrealProjects/ProyectoGrado/ProyectoGradoOP 4.24/Content/New/Assets/Meshes/BedRoom/Material_019.uasset" 425
"../../../../../UnrealProjects/ProyectoGrado/ProyectoGradoOP 4.24/Content/New/Assets/Meshes/BedRoom/Material_021.uasset" 426
"../../../../../UnrealProjects/ProyectoGrado/ProyectoGradoOP 4.24/Content/New/Assets/Meshes/BedRoom/Material_022.uasset" 427
"../../../../../UnrealProjects/ProyectoGrado/ProyectoGradoOP 4.24/Content/New/Assets/Meshes/BedRoom/Material_023.uasset" 428
"../../../../../UnrealProjects/ProyectoGrado/ProyectoGradoOP 4.24/Content/New/Assets/Meshes/BedRoom/Wardrobe.uasset" 429
"../../../../../UnrealProjects/ProyectoGrado/ProyectoGradoOP 4.24/Content/New/Assets/Meshes/Kitchen/Texture/Samsung_Fridge_low_Samsung_Fridge_Diffuse.uasset" 430
"../../../../../UnrealProjects/ProyectoGrado/ProyectoGradoOP 4.24/Content/New/Assets/Meshes/Kitchen/Samsung_Fridge.uasset" 431
"../../../../../UnrealProjects/ProyectoGrado/ProyectoGradoOP 4.24/Content/New/Assets/Meshes/Kitchen/FridgeUltimate.uasset" 432
"../../../../../UnrealProjects/ProyectoGrado/ProyectoGradoOP 4.24/Content/New/Assets/Meshes/Bathroom/Sink/KitchenSink/_Aluminum_Blurry.uasset" 433
"../../../../../UnrealProjects/ProyectoGrado/ProyectoGradoOP 4.24/Content/New/Assets/Meshes/Bathroom/Sink/KitchenSink/_Black_Kick_Board.uasset" 434
"../../../../../UnrealProjects/ProyectoGrado/ProyectoGradoOP 4.24/Content/New/Assets/Meshes/Bathroom/Sink/KitchenSink/Cherry.uasset" 435
"../../../../../UnrealProjects/ProyectoGrado/ProyectoGradoOP 4.24/Content/New/Assets/Meshes/Bathroom/Sink/KitchenSink/_Cherry_Veneer.uasset" 436
"../../../../../UnrealProjects/ProyectoGrado/ProyectoGradoOP 4.24/Content/New/Assets/Meshes/Bathroom/Sink/KitchenSink/_Chrome_Polished.uasset" 437
"../../../../../UnrealProjects/ProyectoGrado/ProyectoGradoOP 4.24/Content/New/Assets/Meshes/Bathroom/Sink/KitchenSink/_Cold_Tap.uasset" 438
"../../../../../UnrealProjects/ProyectoGrado/ProyectoGradoOP 4.24/Content/New/Assets/Meshes/Bathroom/Sink/KitchenSink/_Hot_Tap.uasset" 439
"../../../../../UnrealProjects/ProyectoGrado/ProyectoGradoOP 4.24/Content/New/Assets/Meshes/Bathroom/Sink/KitchenSink/Marble_Carrara_003_SD/Marble_Carrara_003_COLOR.uasset" 440
"../../../../../UnrealProjects/ProyectoGrado/ProyectoGradoOP 4.24/Content/New/Assets/Meshes/Bathroom/Sink/KitchenSink/_Marble_Carrera_CCO_JP.uasset" 441
"../../../../../UnrealProjects/ProyectoGrado/ProyectoGradoOP 4.24/Content/New/Assets/Meshes/Bathroom/Sink/KitchenSink/Material_1.uasset" 442
"../../../../../UnrealProjects/ProyectoGrado/ProyectoGradoOP 4.24/Content/New/Assets/Meshes/Bathroom/Sink/KitchenSink/Tap_Seal.uasset" 443
"../../../../../UnrealProjects/ProyectoGrado/ProyectoGradoOP 4.24/Content/New/Assets/Meshes/Kitchen/KitchenSilk.uasset" 444
"../../../../../UnrealProjects/ProyectoGrado/ProyectoGradoOP 4.24/Content/New/Assets/Meshes/Kitchen/Oven.uasset" 445
"../../../../../UnrealProjects/ProyectoGrado/ProyectoGradoOP 4.24/Content/New/Assets/Meshes/Stairs/StairCase.uasset" 446
"../../../../../UnrealProjects/ProyectoGrado/ProyectoGradoOP 4.24/Content/New/BuildingGenerator/Meshes/CellarUlt.uasset" 447
"../../../../../UnrealProjects/ProyectoGrado/ProyectoGradoOP 4.24/Content/New/BuildingGenerator/Meshes/Doors/DoorFrame.uasset" 448
"../../../../../UnrealProjects/ProyectoGrado/ProyectoGradoOP 4.24/Content/New/BuildingGenerator/Meshes/Doors/DoorFrame2.uasset" 449
"../../../../../UnrealProjects/ProyectoGrado/ProyectoGradoOP 4.24/Content/New/BuildingGenerator/Meshes/Doors/DoorFrame3.uasset" 450
"../../../../../UnrealProjects/ProyectoGrado/ProyectoGradoOP 4.24/Content/New/BuildingGenerator/Meshes/Doors/DoorFrame4.uasset" 451
"../../../../../UnrealProjects/ProyectoGrado/ProyectoGradoOP 4.24/Content/New/BuildingGenerator/Meshes/Doors/DoorFrame5.uasset" 452
"../../../../../UnrealProjects/ProyectoGrado/ProyectoGradoOP 4.24/Content/New/BuildingGenerator/Meshes/Doors/DoorFrame6.uasset" 453
"../../../../../UnrealProjects/ProyectoGrado/ProyectoGradoOP 4.24/Content/New/BuildingGenerator/Meshes/Floor.uasset" 454
"../../../../../UnrealProjects/ProyectoGrado/ProyectoGradoOP 4.24/Content/New/BuildingGenerator/Meshes/Walls/Fence.uasset" 455
"../../../../../UnrealProjects/ProyectoGrado/ProyectoGradoOP 4.24/Content/New/BuildingGenerator/Meshes/Walls/Fence2.uasset" 456
"../../../../../UnrealProjects/ProyectoGrado/ProyectoGradoOP 4.24/Content/New/BuildingGenerator/Meshes/Walls/Fence3.uasset" 457
"../../../../../UnrealProjects/ProyectoGrado/ProyectoGradoOP 4.24/Content/New/BuildingGenerator/Meshes/Walls/Wall1.uasset" 458
"../../../../../UnrealProjects/ProyectoGrado/ProyectoGradoOP 4.24/Content/New/BuildingGenerator/Meshes/Walls/Wall2.uasset" 459
"../../../../../UnrealProjects/ProyectoGrado/ProyectoGradoOP 4.24/Content/New/BuildingGenerator/Meshes/Walls/Wall4.uasset" 460
"../../../../../UnrealProjects/ProyectoGrado/ProyectoGradoOP 4.24/Content/New/BuildingGenerator/Meshes/WindowBase/Window1.uasset" 461
"../../../../../UnrealProjects/ProyectoGrado/ProyectoGradoOP 4.24/Content/New/BuildingGenerator/AbstractFactory/BuildingGenerator.uasset" 462
"../../../../../UnrealProjects/ProyectoGrado/ProyectoGradoOP 4.24/Content/New/BuildingGenerator/AbstractFactory/WallsGeneratorTest.uasset" 463
"../../../../../UnrealProjects/ProyectoGrado/ProyectoGradoOP 4.24/Content/New/BuildingGenerator/WallsGeneratorTest.uasset" 464
"../../../../../UnrealProjects/ProyectoGrado/ProyectoGradoOP 4.24/Content/New/BuildingGenerator/AbstractFactory/AbstractFactory.uasset" 465
"../../../../../UnrealProjects/ProyectoGrado/ProyectoGradoOP 4.24/Content/New/BuildingGenerator/Meshes/CellarFinal.uasset" 466
"../../../../../UnrealProjects/ProyectoGrado/ProyectoGradoOP 4.24/Content/New/BuildingGenerator/Meshes/Material.uasset" 467
"../../../../../UnrealProjects/ProyectoGrado/ProyectoGradoOP 4.24/Content/New/BuildingGenerator/Meshes/Palito.uasset" 468
"../../../../../UnrealProjects/ProyectoGrado/ProyectoGradoOP 4.24/Content/New/BuildingGenerator/Meshes/WallBaseColor.uasset" 469
"../../../../../UnrealProjects/ProyectoGrado/ProyectoGradoOP 4.24/Content/New/BuildingGenerator/Meshes/Material_001.uasset" 470
"../../../../../UnrealProjects/ProyectoGrado/ProyectoGradoOP 4.24/Content/New/BuildingGenerator/Meshes/Window_Cube.uasset" 471
"../../../../../UnrealProjects/ProyectoGrado/ProyectoGradoOP 4.24/Content/New/BuildingGenerator/Meshes/Doors/Door7.uasset" 472
"../../../../../UnrealProjects/ProyectoGrado/ProyectoGradoOP 4.24/Content/New/BuildingGenerator/Meshes/Doors/DoorBaseColor.uasset" 473
"../../../../../UnrealProjects/ProyectoGrado/ProyectoGradoOP 4.24/Content/New/BuildingGenerator/Meshes/Doors/Material.uasset" 474
"../../../../../UnrealProjects/ProyectoGrado/ProyectoGradoOP 4.24/Content/New/BuildingGenerator/Meshes/Walls/WallFence1.uasset" 475
"../../../../../UnrealProjects/ProyectoGrado/ProyectoGradoOP 4.24/Content/New/BuildingGenerator/Meshes/Walls/WallFence2.uasset" 476
"../../../../../UnrealProjects/ProyectoGrado/ProyectoGradoOP 4.24/Content/New/BuildingGenerator/Meshes/Walls/WallFence3.uasset" 477
"../../../../../UnrealProjects/ProyectoGrado/ProyectoGradoOP 4.24/Content/New/BuildingGenerator/Meshes/Walls/WallFence4.uasset" 478
"../../../../../UnrealProjects/ProyectoGrado/ProyectoGradoOP 4.24/Content/New/BuildingGenerator/Meshes/Walls/WallFence5.uasset" 479
"../../../../../UnrealProjects/ProyectoGrado/ProyectoGradoOP 4.24/Content/New/BuildingGenerator/Meshes/WindowBase/Window2.uasset" 480
"../../../../../UnrealProjects/ProyectoGrado/ProyectoGradoOP 4.24/Content/New/BuildingGenerator/Meshes/WindowBase/Window3.uasset" 481
"../../../../../UnrealProjects/ProyectoGrado/ProyectoGradoOP 4.24/Content/New/BuildingGenerator/Meshes/WindowBase/Window4.uasset" 482
"../../../../../UnrealProjects/ProyectoGrado/ProyectoGradoOP 4.24/Content/New/BuildingGenerator/Meshes/WindowBase/Window5.uasset" 483
"../../../../../UnrealProjects/ProyectoGrado/ProyectoGradoOP 4.24/Content/New/BuildingGenerator/Meshes/WindowBase/Window6.uasset" 484
"../../../../../UnrealProjects/ProyectoGrado/ProyectoGradoOP 4.24/Content/New/MapDisigner/Images/HouseParts/Door7.uasset" 485
"../../../../../UnrealProjects/ProyectoGrado/ProyectoGradoOP 4.24/Content/New/MapDisigner/Images/HouseParts/WallFence1.uasset" 486
"../../../../../UnrealProjects/ProyectoGrado/ProyectoGradoOP 4.24/Content/New/MapDisigner/Images/HouseParts/WallFence2.uasset" 487
"../../../../../UnrealProjects/ProyectoGrado/ProyectoGradoOP 4.24/Content/New/MapDisigner/Images/HouseParts/WallFence3.uasset" 488
"../../../../../UnrealProjects/ProyectoGrado/ProyectoGradoOP 4.24/Content/New/MapDisigner/Images/HouseParts/Window2.uasset" 489
"../../../../../UnrealProjects/ProyectoGrado/ProyectoGradoOP 4.24/Content/New/MapDisigner/Images/HouseParts/Window3.uasset" 490
"../../../../../UnrealProjects/ProyectoGrado/ProyectoGradoOP 4.24/Content/New/MapDisigner/Images/HouseParts/Window4.uasset" 491
"../../../../../UnrealProjects/ProyectoGrado/ProyectoGradoOP 4.24/Content/PN_coniferBushes_I/Blueprints/PN_Bending_Component.uasset" 492
"../../../Engine/Content/EngineMaterials/DefaultMaterial.uasset" 493
"../../../Engine/Content/BasicShapes/Sphere.uasset" 494
"../../../../../UnrealProjects/ProyectoGrado/ProyectoGradoOP 4.24/Content/PN_coniferBushes_I/Blueprints/CollisionBall.uasset" 495
"../../../../../UnrealProjects/ProyectoGrado/ProyectoGradoOP 4.24/Content/PN_coniferBushes_I/Materials/MaterialFunctions/PN_BendingParameters.uasset" 496
"../../../../../UnrealProjects/ProyectoGrado/ProyectoGradoOP 4.24/Content/PN_coniferBushes_I/Blueprints/PN_GlobalUpdater.uasset" 497
"../../../Engine/Content/Functions/Engine_MaterialFunctions01/Texturing/FlattenNormal.uasset" 498
"../../../../../UnrealProjects/ProyectoGrado/ProyectoGradoOP 4.24/Content/PN_coniferBushes_I/Materials/MA_Ground.uasset" 499
"../../../../../UnrealProjects/ProyectoGrado/ProyectoGradoOP 4.24/Content/PN_coniferBushes_I/Textures/PivotPainterTextures/Pine/Pine_01_PIV.uasset" 500
"../../../../../UnrealProjects/ProyectoGrado/ProyectoGradoOP 4.24/Content/PN_coniferBushes_I/Textures/PivotPainterTextures/Pine/Pine_01_VEC.uasset" 501
"../../../../../UnrealProjects/ProyectoGrado/ProyectoGradoOP 4.24/Content/PN_coniferBushes_I/Textures/PivotPainterTextures/Pine/Pine_03_PIV.uasset" 502
"../../../../../UnrealProjects/ProyectoGrado/ProyectoGradoOP 4.24/Content/PN_coniferBushes_I/Textures/PivotPainterTextures/Pine/Pine_03_VEC.uasset" 503
"../../../../../UnrealProjects/ProyectoGrado/ProyectoGradoOP 4.24/Content/PN_coniferBushes_I/Textures/PivotPainterTextures/Pine/Pine_04_PIV.uasset" 504
"../../../../../UnrealProjects/ProyectoGrado/ProyectoGradoOP 4.24/Content/PN_coniferBushes_I/Textures/PivotPainterTextures/Pine/Pine_04_VEC.uasset" 505
"../../../../../UnrealProjects/ProyectoGrado/ProyectoGradoOP 4.24/Content/PN_coniferBushes_I/Textures/PivotPainterTextures/Pine/Pine_05_PIV.uasset" 506
"../../../../../UnrealProjects/ProyectoGrado/ProyectoGradoOP 4.24/Content/PN_coniferBushes_I/Textures/PivotPainterTextures/Pine/Pine_05_VEC.uasset" 507
"../../../../../UnrealProjects/ProyectoGrado/ProyectoGradoOP 4.24/Content/PN_coniferBushes_I/Textures/PivotPainterTextures/Pine/Pine_06_PIV.uasset" 508
"../../../../../UnrealProjects/ProyectoGrado/ProyectoGradoOP 4.24/Content/PN_coniferBushes_I/Textures/PivotPainterTextures/Pine/Pine_06_VEC.uasset" 509
"../../../../../UnrealProjects/ProyectoGrado/ProyectoGradoOP 4.24/Content/PN_coniferBushes_I/Textures/PivotPainterTextures/Pine/Pine_07_PIV.uasset" 510
"../../../../../UnrealProjects/ProyectoGrado/ProyectoGradoOP 4.24/Content/PN_coniferBushes_I/Textures/PivotPainterTextures/Pine/Pine_07_VEC.uasset" 511
"../../../../../UnrealProjects/ProyectoGrado/ProyectoGradoOP 4.24/Content/PN_coniferBushes_I/Textures/PivotPainterTextures/Pine/Pine_08_PIV.uasset" 512
"../../../../../UnrealProjects/ProyectoGrado/ProyectoGradoOP 4.24/Content/PN_coniferBushes_I/Textures/PivotPainterTextures/Pine/Pine_08_VEC.uasset" 513
"../../../Engine/Content/Animation/DefaultAnimCurveCompressionSettings.uasset" 514
"../../../Engine/Content/ArtTools/RenderToTexture/Meshes/S_1_Unit_Plane.uasset" 515
"../../../Engine/Content/BasicShapes/Cone.uasset" 516
"../../../Engine/Content/BasicShapes/Cube.uasset" 517
"../../../Engine/Content/BasicShapes/Cylinder.uasset" 518
"../../../Engine/Content/BasicShapes/Plane.uasset" 519
"../../../Engine/Content/EditorLandscapeResources/DataLayer.uasset" 520
"../../../Engine/Content/EditorMaterials/MAT_Groups_Toggle.uasset" 521
"../../../Engine/Content/EditorMaterials/MAT_Groups_Visibility.uasset" 522
"../../../Engine/Content/EditorMaterials/PreviewShadowIndicator.uasset" 523
"../../../Engine/Content/EditorMaterials/PreviewShadowIndicatorMaterial.uasset" 524
"../../../Engine/Content/EditorMaterials/MatineeGroups/MAT_ColorTrack.uasset" 525
"../../../Engine/Content/EditorMaterials/MatineeGroups/MAT_Groups_Anim.uasset" 526
"../../../Engine/Content/EditorMaterials/MatineeGroups/MAT_Groups_AudioMaster.uasset" 527
"../../../Engine/Content/EditorMaterials/MatineeGroups/MAT_Groups_Director.uasset" 528
"../../../Engine/Content/EditorMaterials/MatineeGroups/MAT_Groups_Event.uasset" 529
"../../../Engine/Content/EditorMaterials/MatineeGroups/MAT_Groups_Fade.uasset" 530
"../../../Engine/Content/EditorMaterials/MatineeGroups/MAT_Groups_Float.uasset" 531
"../../../Engine/Content/EditorMaterials/MatineeGroups/MAT_Groups_Move.uasset" 532
"../../../Engine/Content/EditorMaterials/MatineeGroups/MAT_Groups_Slomo.uasset" 533
"../../../Engine/Content/EditorMaterials/MatineeGroups/MAT_Groups_Sound.uasset" 534
"../../../Engine/Content/EditorMaterials/MatineeGroups/MAT_Groups_Vector.uasset" 535
"../../../Engine/Content/EditorMaterials/ParticleSystems/PSysThumbnail_NoImage.uasset" 536
"../../../Engine/Content/EditorMaterials/ParticleSystems/PSysThumbnail_OOD.uasset" 537
"../../../Engine/Content/EditorMaterials/Camera/CineMat.uasset" 538
"../../../Engine/Content/EditorMaterials/Camera/MI_CineMat_Rig.uasset" 539
"../../../Engine/Content/EditorMeshes/Camera/SM_CraneRig_Arm.uasset" 540
"../../../Engine/Content/EditorMeshes/Camera/SM_CraneRig_Base.uasset" 541
"../../../Engine/Content/EditorMeshes/Camera/SM_CraneRig_Body.uasset" 542
"../../../Engine/Content/EditorMeshes/Camera/SM_CraneRig_Mount.uasset" 543
"../../../Engine/Content/EditorMeshes/Camera/SM_RailRig_Mount.uasset" 544
"../../../Engine/Content/EditorMeshes/Camera/SM_RailRig_Track.uasset" 545
"../../../Engine/Content/EditorResources/BSPVertex.uasset" 546
"../../../Engine/Content/EditorResources/EmptyActor.uasset" 547
"../../../Engine/Content/EditorResources/S_Actor.uasset" 548
"../../../Engine/Content/EditorResources/S_Note.uasset" 549
"../../../Engine/Content/EditorResources/S_Solver.uasset" 550
"../../../Engine/Content/EditorResources/S_Trigger.uasset" 551
"../../../Engine/Content/EditorResources/LightIcons/S_LightError.uasset" 552
"../../../Engine/Content/EditorResources/SequenceRecorder/Countdown.uasset" 553
"../../../Engine/Content/EditorResources/SequenceRecorder/RecordingIndicator.uasset" 554
"../../../Engine/Content/EditorSounds/Notifications/CompileFailed.uasset" 555
"../../../Engine/Content/EditorSounds/Notifications/CompileFailed_Cue.uasset" 556
"../../../Engine/Content/EditorSounds/Notifications/CompileSuccess.uasset" 557
"../../../Engine/Content/EditorSounds/Notifications/CompileStart_Cue.uasset" 558
"../../../Engine/Content/EditorSounds/Notifications/CompileSuccess_Cue.uasset" 559
"../../../Engine/Content/EngineDamageTypes/DmgTypeBP_Environmental.uasset" 560
"../../../Engine/Content/EngineDebugMaterials/DebugEditorMaterial.uasset" 561
"../../../Engine/Content/EngineDebugMaterials/DebugMeshMaterial.uasset" 562
"../../../Engine/Content/EngineDebugMaterials/M_SimpleTranslucent.uasset" 563
"../../../Engine/Content/Functions/Engine_MaterialFunctions02/Utility/CameraDirectionVector.uasset" 564
"../../../Engine/Content/EngineDebugMaterials/VolumeToRender.uasset" 565
"../../../Engine/Content/EngineDebugMaterials/M_VolumeRenderSphereTracePP.uasset" 566
"../../../Engine/Content/EngineDebugMaterials/WireframeMaterial.uasset" 567
"../../../Engine/Content/EngineFonts/Faces/DroidSansFallback.uasset" 568
"../../../Engine/Content/EngineFonts/Faces/RobotoBold.uasset" 569
"../../../Engine/Content/EngineFonts/Faces/RobotoBoldItalic.uasset" 570
"../../../Engine/Content/EngineFonts/Faces/RobotoItalic.uasset" 571
"../../../Engine/Content/EngineFonts/Faces/RobotoLight.uasset" 572
"../../../Engine/Content/EngineFonts/Faces/RobotoRegular.uasset" 573
"../../../Engine/Content/EngineFonts/Roboto.uasset" 574
"../../../Engine/Content/EngineMaterials/BaseFlattenDiffuseMap.uasset" 575
"../../../Engine/Content/EngineMaterials/BaseFlattenEmissiveMap.uasset" 576
"../../../Engine/Content/EngineMaterials/BaseFlattenGrayscaleMap.uasset" 577
"../../../Engine/Content/EngineMaterials/BaseFlattenNormalMap.uasset" 578
"../../../Engine/Content/EngineMaterials/BaseFlattenMaterial.uasset" 579
"../../../Engine/Content/EngineMaterials/BlueNoise.uasset" 580
"../../../Engine/Content/EngineMaterials/DefaultBloomKernel.uasset" 581
"../../../Engine/Content/EngineMaterials/DefaultBokeh.uasset" 582
"../../../Engine/Content/EngineMaterials/DefaultDiffuse.uasset" 583
"../../../Engine/Content/EngineMaterials/DefaultDeferredDecalMaterial.uasset" 584
"../../../Engine/Content/EngineMaterials/DefaultLightFunctionMaterial.uasset" 585
"../../../Engine/Content/EngineMaterials/DefaultPhysicalMaterial.uasset" 586
"../../../Engine/Content/Functions/Engine_MaterialFunctions02/Utility/BreakOutFloat2Components.uasset" 587
"../../../Engine/Content/EngineMaterials/DefaultPostProcessMaterial.uasset" 588
"../../../Engine/Content/EngineFonts/RobotoDistanceField.uasset" 589
"../../../Engine/Content/EngineMaterials/DefaultTextMaterialOpaque.uasset" 590
"../../../Engine/Content/EngineMaterials/DefaultVirtualTextureMaterial.uasset" 591
"../../../Engine/Content/EngineMaterials/DefaultWhiteGrid.uasset" 592
"../../../Engine/Content/EngineMaterials/DefaultWhiteGrid_Low.uasset" 593
"../../../Engine/Content/EngineMaterials/EmissiveMeshMaterial.uasset" 594
"../../../Engine/Content/EngineMaterials/GizmoMaterial.uasset" 595
"../../../Engine/Content/EngineMaterials/Good64x64TilingNoiseHighFreq.uasset" 596
"../../../Engine/Content/EngineMaterials/HairDefaultMaterial.uasset" 597
"../../../Engine/Content/EngineMaterials/MiniFont.uasset" 598
"../../../Engine/Content/EngineMaterials/InvalidLightmapSettings.uasset" 599
"../../../Engine/Content/EngineMaterials/M_InvalidLightmapSettings.uasset" 600
"../../../Engine/Content/Functions/Engine_MaterialFunctions02/WorldPositionOffset/CameraOffset.uasset" 601
"../../../Engine/Content/EngineMaterials/PhAT_JointLimitMaterial.uasset" 602
"../../../Engine/Content/EngineMaterials/PreintegratedSkinBRDF.uasset" 603
"../../../Engine/Content/EngineMaterials/RemoveSurfaceMaterial.uasset" 604
"../../../Engine/Content/EngineMaterials/WeightMapPlaceholderTexture.uasset" 605
"../../../Engine/Content/EngineMaterials/Widget3DPassThrough.uasset" 606
"../../../Engine/Content/EngineMaterials/Widget3DPassThrough_Masked.uasset" 607
"../../../Engine/Content/EngineMaterials/Widget3DPassThrough_Opaque.uasset" 608
"../../../Engine/Content/EngineMaterials/Widget3DPassThrough_Masked_OneSided.uasset" 609
"../../../Engine/Content/EngineMaterials/Widget3DPassThrough_Opaque_OneSided.uasset" 610
"../../../Engine/Content/EngineMaterials/Widget3DPassThrough_Translucent.uasset" 611
"../../../Engine/Content/EngineMaterials/Widget3DPassThrough_Translucent_OneSided.uasset" 612
"../../../Engine/Content/EngineMeshes/Cylinder.uasset" 613
"../../../Engine/Content/EngineMeshes/Sphere.uasset" 614
"../../../Engine/Content/EngineResources/Black.uasset" 615
"../../../Engine/Content/EngineResources/DefaultTexture.uasset" 616
"../../../Engine/Content/EngineResources/DefaultTextureCube.uasset" 617
"../../../Engine/Content/EngineResources/DefaultVolumeTexture2D.uasset" 618
"../../../Engine/Content/EngineResources/DefaultVolumeTexture.uasset" 619
"../../../Engine/Content/EngineResources/GradientTexture0.uasset" 620
"../../../Engine/Content/EngineSounds/Master.uasset" 621
"../../../Engine/Content/Functions/Engine_MaterialFunctions01/Shading/ConvertFromDiffSpec.uasset" 622
"../../../Engine/Content/Functions/Engine_MaterialFunctions01/Shading/PowerToRoughness.uasset" 623
"../../../Engine/Content/Maps/Templates/Thumbnails/Default.uasset" 624
"../../../Engine/Content/Maps/Templates/Thumbnails/TimeOfDay.uasset" 625
"../../../Engine/Content/Maps/Templates/Thumbnails/VR-Basic.uasset" 626
"../../../Engine/Content/MobileResources/T_MobileControls_texture.uasset" 627
"../../../Engine/Content/MobileResources/T_MobileMenu2.uasset" 628
"../../../Engine/Content/MobileResources/HUD/AnalogHat.uasset" 629
"../../../Engine/Content/MobileResources/HUD/VirtualJoystick_Background.uasset" 630
"../../../Engine/Content/MobileResources/HUD/VirtualJoystick_Thumb.uasset" 631
"../../../Engine/Content/MobileResources/HUD/DefaultVirtualJoysticks.uasset" 632
"../../../Engine/Content/MobileResources/HUD/LeftVirtualJoystickOnly.uasset" 633
"../../../Engine/Content/MobileResources/HUD/MobileHUDButton1_off.uasset" 634
"../../../Engine/Content/MobileResources/HUD/MobileHUDButton1_on.uasset" 635
"../../../Engine/Content/MobileResources/HUD/MobileHUDButton2_off.uasset" 636
"../../../Engine/Content/MobileResources/HUD/MobileHUDButton2_on.uasset" 637
"../../../Engine/Content/MobileResources/HUD/MobileHUDButton3.uasset" 638
"../../../Engine/Content/MobileResources/HUD/MobileHUDButtonFire.uasset" 639
"../../../Engine/Content/MobileResources/HUD/MobileHUDDirectionPad.uasset" 640
"../../../Engine/Content/MobileResources/HUD/MobileHUDDirectionPad2.uasset" 641
"../../../Engine/Content/MobileResources/HUD/MobileHUDDirectionPad3.uasset" 642
"../../../Engine/Content/MobileResources/HUD/MobileHUDDirectionStick.uasset" 643
"../../../Engine/Content/MobileResources/HUD/T_Castle_ThumbstickInner.uasset" 644
"../../../Engine/Content/MobileResources/HUD/T_Castle_ThumbstickOutter.uasset" 645
"../../../Engine/Content/Tutorial/ContentIntroCurve.uasset" 646
"../../../Engine/Content/Tutorial/Basics/LevelEditorAttract.uasset" 647
"../../../Engine/Content/VREditor/LaserPointer/VR_LaserPower_01.uasset" 648
"../../../Engine/Content/VREditor/TransformGizmo/TransformGizmoMaterial.uasset" 649
"../../../Engine/Content/VREditor/TransformGizmo/TranslucentTransformGizmoMaterial.uasset" 650
"../../../Engine/Content/VREditor/TransformGizmo/BoundingBoxCorner.uasset" 651
"../../../Engine/Content/VREditor/TransformGizmo/BoundingBoxEdge.uasset" 652
"../../../Engine/Content/VREditor/TransformGizmo/PlaneTranslationHandle.uasset" 653
"../../../Engine/Content/VREditor/TransformGizmo/Main.uasset" 654
"../../../Engine/Content/VREditor/TransformGizmo/Xray.uasset" 655
"../../../Engine/Content/VREditor/TransformGizmo/SM_Sequencer_Key.uasset" 656
"../../../Engine/Content/VREditor/TransformGizmo/SM_Sequencer_Node.uasset" 657
"../../Plugins/2D/Paper2D/Content/PlaceholderTextures/DummySpriteTexture.uasset" 658
"../../Plugins/2D/Paper2D/Content/DummySprite.uasset" 659
"../../Plugins/2D/Paper2D/Content/DefaultPaperTerrainMaterial.uasset" 660
"../../Plugins/2D/Paper2D/Content/DummySpriteTexture.uasset" 661
"../../Plugins/2D/Paper2D/Content/DefaultSpriteMaterial.uasset" 662
"../../Plugins/2D/Paper2D/Content/MaskedUnlitSpriteMaterial.uasset" 663
"../../Plugins/2D/Paper2D/Content/OpaqueUnlitSpriteMaterial.uasset" 664
"../../Plugins/Runtime/GoogleVR/GoogleVRController/Content/BatteryIndicatorAlmostFull.uasset" 665
"../../Plugins/Runtime/GoogleVR/GoogleVRController/Content/BatteryIndicatorCharging.uasset" 666
"../../Plugins/Runtime/GoogleVR/GoogleVRController/Content/BatteryIndicatorCriticalLow.uasset" 667
"../../Plugins/Runtime/GoogleVR/GoogleVRController/Content/BatteryIndicatorFull.uasset" 668
"../../Plugins/Runtime/GoogleVR/GoogleVRController/Content/BatteryIndicatorLow.uasset" 669
"../../Plugins/Runtime/GoogleVR/GoogleVRController/Content/BatteryIndicatorMaterial.uasset" 670
"../../Plugins/Runtime/GoogleVR/GoogleVRController/Content/BatteryIndicatorMedium.uasset" 671
"../../Plugins/Runtime/GoogleVR/GoogleVRController/Content/BatteryIndicatorUnknown.uasset" 672
"../../Plugins/Runtime/GoogleVR/GoogleVRController/Content/ControllerParameters.uasset" 673
"../../Plugins/Runtime/GoogleVR/GoogleVRController/Content/ControllerIdleTexture.uasset" 674
"../../Plugins/Runtime/GoogleVR/GoogleVRController/Content/ControllerBaseMaterial.uasset" 675
"../../Plugins/Runtime/GoogleVR/GoogleVRController/Content/ControllerAppTexture.uasset" 676
"../../Plugins/Runtime/GoogleVR/GoogleVRController/Content/ControllerAppMaterial.uasset" 677
"../../Plugins/Runtime/GoogleVR/GoogleVRController/Content/ControllerIdleMaterial.uasset" 678
"../../Plugins/Runtime/GoogleVR/GoogleVRController/Content/ControllerMesh.uasset" 679
"../../Plugins/Runtime/GoogleVR/GoogleVRController/Content/ControllerPadTexture.uasset" 680
"../../Plugins/Runtime/GoogleVR/GoogleVRController/Content/ControllerPadMaterial.uasset" 681
"../../Plugins/Runtime/GoogleVR/GoogleVRController/Content/ControllerReticleTexture.uasset" 682
"../../Plugins/Runtime/GoogleVR/GoogleVRController/Content/ControllerRetMaterial.uasset" 683
"../../Plugins/Runtime/GoogleVR/GoogleVRController/Content/ControllerSysTexture.uasset" 684
"../../Plugins/Runtime/GoogleVR/GoogleVRController/Content/ControllerSysMaterial.uasset" 685
"../../../Engine/Content/Functions/Engine_MaterialFunctions02/SplitComponents.uasset" 686
"../../../Engine/Content/Functions/Engine_MaterialFunctions02/Utility/AppendMany.uasset" 687
"../../Plugins/Runtime/GoogleVR/GoogleVRController/Content/GazeReticleMaterial.uasset" 688
"../../Plugins/Runtime/GoogleVR/GoogleVRController/Content/GazeReticleMesh.uasset" 689
"../../../Engine/Content/Functions/Engine_MaterialFunctions02/Utility/VectorLength.uasset" 690
"../../../Engine/Content/Functions/Engine_MaterialFunctions02/WorldPositionOffset/LocalPosition.uasset" 691
"../../../Engine/Content/Functions/Engine_MaterialFunctions02/WorldPositionOffset/ObjectScale.uasset" 692
"../../Plugins/Runtime/GoogleVR/GoogleVRController/Content/LaserPointerTexture.uasset" 693
"../../Plugins/Runtime/GoogleVR/GoogleVRController/Content/LaserPlaneMaterial.uasset" 694
"../../Plugins/Runtime/GoogleVR/GoogleVRController/Content/LaserPlane.uasset" 695
"../../Plugins/Runtime/GoogleVR/GoogleVRController/Content/TooltipTextMaterial.uasset" 696
"../../Plugins/Runtime/GoogleVR/GoogleVRController/Content/TouchTexture.uasset" 697
"../../Plugins/Runtime/GoogleVR/GoogleVRController/Content/TouchMaterial.uasset" 698
"../../../../../UnrealProjects/ProyectoGrado/ProyectoGradoOP 4.24/Content/New/Maps/LoginScreen_BuiltData.uasset" 699
"../../../../../UnrealProjects/ProyectoGrado/ProyectoGradoOP 4.24/Content/New/Maps/LoginScreen.umap" 700
"../../../../../UnrealProjects/ProyectoGrado/ProyectoGradoOP 4.24/Content/New/Maps/MainScreen_BuiltData.uasset" 701
"../../../../../UnrealProjects/ProyectoGrado/ProyectoGradoOP 4.24/Content/New/Maps/MainScreen.umap" 702
"../../../../../UnrealProjects/ProyectoGrado/ProyectoGradoOP 4.24/Content/New/Maps/Pruebas.umap" 703
"../../../../../UnrealProjects/ProyectoGrado/ProyectoGradoOP 4.24/Content/New/Assets/Materials/M_FlatOrange.uasset" 704
"../../../../../UnrealProjects/ProyectoGrado/ProyectoGradoOP 4.24/Content/New/Assets/Meshes/MovementBase.uasset" 705
"../../../../../UnrealProjects/ProyectoGrado/ProyectoGradoOP 4.24/Content/New/BluePrints/InteractiveObjects/BP_InteractiveTeleportPad.uasset" 706
"../../../../../UnrealProjects/ProyectoGrado/ProyectoGradoOP 4.24/Content/New/Assets/Sounds/SoundEffects/Es_Muy_Listo.uasset" 707
"../../../../../UnrealProjects/ProyectoGrado/ProyectoGradoOP 4.24/Content/New/Assets/Sounds/TutorialRecords/Parte1-Paso1.uasset" 708
"../../../../../UnrealProjects/ProyectoGrado/ProyectoGradoOP 4.24/Content/New/Assets/Sounds/TutorialRecords/Parte1-Paso2.uasset" 709
"../../../../../UnrealProjects/ProyectoGrado/ProyectoGradoOP 4.24/Content/New/Assets/Sounds/TutorialRecords/Parte2-Paso1.uasset" 710
"../../../../../UnrealProjects/ProyectoGrado/ProyectoGradoOP 4.24/Content/New/Assets/Sounds/TutorialRecords/Parte2-Paso2.uasset" 711
"../../../../../UnrealProjects/ProyectoGrado/ProyectoGradoOP 4.24/Content/New/Assets/Sounds/TutorialRecords/Parte2-Paso3.uasset" 712
"../../../../../UnrealProjects/ProyectoGrado/ProyectoGradoOP 4.24/Content/New/Assets/Sounds/TutorialRecords/Parte3-Paso1.uasset" 713
"../../../../../UnrealProjects/ProyectoGrado/ProyectoGradoOP 4.24/Content/New/Assets/Sounds/TutorialRecords/Parte3-Paso2.uasset" 714
"../../../../../UnrealProjects/ProyectoGrado/ProyectoGradoOP 4.24/Content/New/Assets/Sounds/TutorialRecords/Parte3-Paso3.uasset" 715
"../../../../../UnrealProjects/ProyectoGrado/ProyectoGradoOP 4.24/Content/New/Assets/Sounds/TutorialRecords/Parte4-Paso1.uasset" 716
"../../../../../UnrealProjects/ProyectoGrado/ProyectoGradoOP 4.24/Content/New/Assets/Sounds/TutorialRecords/Parte4-Paso2.uasset" 717
"../../../../../UnrealProjects/ProyectoGrado/ProyectoGradoOP 4.24/Content/New/Assets/Sounds/TutorialRecords/Parte4-Paso3.uasset" 718
"../../../../../UnrealProjects/ProyectoGrado/ProyectoGradoOP 4.24/Content/New/Maps/Tutorial.umap" 719
"../../../Engine/Content/EngineSky/C_Sky_Cloud_Color.uasset" 720
"../../../Engine/Content/EngineSky/C_Sky_Horizon_Color.uasset" 721
"../../../Engine/Content/EngineSky/C_Sky_Zenith_Color.uasset" 722
"../../../Engine/Content/EngineSky/T_Sky_Blue.uasset" 723
"../../../Engine/Content/EngineSky/T_Sky_Clouds_M.uasset" 724
"../../../Engine/Content/EngineSky/T_Sky_Stars.uasset" 725
"../../../Engine/Content/EngineSky/M_Sky_Panning_Clouds2.uasset" 726
"../../../Engine/Content/EngineSky/SM_SkySphere.uasset" 727
"../../../Engine/Content/EngineSky/BP_Sky_Sphere.uasset" 728
"../../../../../UnrealProjects/ProyectoGrado/ProyectoGradoOP 4.24/Content/New/BuildingGenerator/ObjectsGenerator.uasset" 729
"../../../../../UnrealProjects/ProyectoGrado/ProyectoGradoOP 4.24/Content/New/Maps/Viewer_BuiltData.uasset" 730
"../../../../../UnrealProjects/ProyectoGrado/ProyectoGradoOP 4.24/Content/New/Assets/Materials/BaseMaterials/M_Fog.uasset" 731
"../../../../../UnrealProjects/ProyectoGrado/ProyectoGradoOP 4.24/Content/New/Assets/Materials/MatelialInstances/M_Fog_Inst.uasset" 732
"../../../../../UnrealProjects/ProyectoGrado/ProyectoGradoOP 4.24/Content/New/Assets/Textures/grass/grass1-albedo3.uasset" 733
"../../../../../UnrealProjects/ProyectoGrado/ProyectoGradoOP 4.24/Content/New/Assets/Textures/grass/grass1-ao.uasset" 734
"../../../../../UnrealProjects/ProyectoGrado/ProyectoGradoOP 4.24/Content/New/Assets/Textures/grass/grass1-normal1-dx.uasset" 735
"../../../../../UnrealProjects/ProyectoGrado/ProyectoGradoOP 4.24/Content/New/Assets/Textures/grass/grass1-rough.uasset" 736
"../../../../../UnrealProjects/ProyectoGrado/ProyectoGradoOP 4.24/Content/New/Assets/Materials/BaseMaterials/M_Grass.uasset" 737
"../../../../../UnrealProjects/ProyectoGrado/ProyectoGradoOP 4.24/Content/New/Assets/Meshes/Domo.uasset" 738
"../../../Engine/Content/Functions/Engine_MaterialFunctions01/SpeedTree/SpeedTreeColorVariation.uasset" 739
"../../../Engine/Content/Functions/Engine_MaterialFunctions02/Math/TimeWithSpeedVariable.uasset" 740
"../../../Engine/Content/Functions/Engine_MaterialFunctions02/Lerp_Multiple_Float2.uasset" 741
"../../../Engine/Content/Functions/Engine_MaterialFunctions02/ms_PivotPainter2_UnpackIntegerAsFloat.uasset" 742
"../../../Engine/Content/Functions/Engine_MaterialFunctions02/Utility/MakeFloat2.uasset" 743
"../../../Engine/Content/Functions/Engine_MaterialFunctions02/PivotPainter2/2dArrayLookupByIndex.uasset" 744
"../../../Engine/Content/Functions/Engine_MaterialFunctions02/PivotPainter2/ms_PivotPainter2_CalculateMeshElementIndex.uasset" 745
"../../../Engine/Content/Functions/Engine_MaterialFunctions02/PivotPainter2/ms_PivotPainter2_Decode8BitAlphaAxisExtent.uasset" 746
"../../../Engine/Content/Functions/Engine_MaterialFunctions02/PivotPainter2/ms_PivotPainter2_DecodeAxisVector.uasset" 747
"../../../Engine/Content/Functions/Engine_MaterialFunctions02/PivotPainter2/ms_PivotPainter2_DecodePostion.uasset" 748
"../../../Engine/Content/Functions/Engine_MaterialFunctions02/PivotPainter2/ms_PivotPainter2_ReturnParentTextureInfo.uasset" 749
"../../../Engine/Content/Functions/Engine_MaterialFunctions02/WorldPositionOffset/ObjectPivotPoint.uasset" 750
"../../../Engine/Content/Functions/Engine_MaterialFunctions02/ExampleContent/PivotPainter2/PP2_rgb_XVect_a_XExtent.uasset" 751
"../../../Engine/Content/Functions/Engine_MaterialFunctions02/ExampleContent/PivotPainter2/SimpExPivPos.uasset" 752
"../../../../../UnrealProjects/ProyectoGrado/ProyectoGradoOP 4.24/Content/PN_coniferBushes_I/Materials/MaterialFunctions/PN_Bending.uasset" 753
"../../../../../UnrealProjects/ProyectoGrado/ProyectoGradoOP 4.24/Content/PN_coniferBushes_I/Materials/MaterialFunctions/PN_MultiBend.uasset" 754
"../../../../../UnrealProjects/ProyectoGrado/ProyectoGradoOP 4.24/Content/PN_coniferBushes_I/Materials/PN_WindParameters.uasset" 755
"../../../Engine/Content/Functions/Engine_MaterialFunctions02/ExampleContent/PivotPainter2/test2_rgb_PivotPos_a_ParentIndexInt_UV_2.uasset" 756
"../../../Engine/Content/Functions/Engine_MaterialFunctions02/ExampleContent/Textures/WindTurblenceVectorAndGustMagnitude.uasset" 757
"../../../../../UnrealProjects/ProyectoGrado/ProyectoGradoOP 4.24/Content/PN_coniferBushes_I/Materials/MaterialFunctions/PN_WindAnimation.uasset" 758
"../../../../../UnrealProjects/ProyectoGrado/ProyectoGradoOP 4.24/Content/PN_coniferBushes_I/Materials/MaterialFunctions/PN_AnimationShader.uasset" 759
"../../../../../UnrealProjects/ProyectoGrado/ProyectoGradoOP 4.24/Content/PN_coniferBushes_I/Textures/MasterTextures/PineBark_A.uasset" 760
"../../../../../UnrealProjects/ProyectoGrado/ProyectoGradoOP 4.24/Content/PN_coniferBushes_I/Textures/MasterTextures/PineBark_AORH.uasset" 761
"../../../../../UnrealProjects/ProyectoGrado/ProyectoGradoOP 4.24/Content/PN_coniferBushes_I/Textures/MasterTextures/PineBark_N.uasset" 762
"../../../../../UnrealProjects/ProyectoGrado/ProyectoGradoOP 4.24/Content/PN_coniferBushes_I/Textures/MasterTextures/PineLeaves_A.uasset" 763
"../../../../../UnrealProjects/ProyectoGrado/ProyectoGradoOP 4.24/Content/PN_coniferBushes_I/Textures/MasterTextures/PineLeaves_AORO.uasset" 764
"../../../../../UnrealProjects/ProyectoGrado/ProyectoGradoOP 4.24/Content/PN_coniferBushes_I/Textures/MasterTextures/PineLeaves_N.uasset" 765
"../../../../../UnrealProjects/ProyectoGrado/ProyectoGradoOP 4.24/Content/PN_coniferBushes_I/Materials/MA_Pine.uasset" 766
"../../../../../UnrealProjects/ProyectoGrado/ProyectoGradoOP 4.24/Content/PN_coniferBushes_I/Textures/PivotPainterTextures/Pine/Pine_02_PIV.uasset" 767
"../../../../../UnrealProjects/ProyectoGrado/ProyectoGradoOP 4.24/Content/PN_coniferBushes_I/Textures/PivotPainterTextures/Pine/Pine_02_VEC.uasset" 768
"../../../../../UnrealProjects/ProyectoGrado/ProyectoGradoOP 4.24/Content/PN_coniferBushes_I/Materials/Material_Instances/Pine/Pine_02.uasset" 769
"../../../../../UnrealProjects/ProyectoGrado/ProyectoGradoOP 4.24/Content/PN_coniferBushes_I/Meshes/Pine/Pine_02.uasset" 770
"../../../../../UnrealProjects/ProyectoGrado/ProyectoGradoOP 4.24/Content/New/Maps/Viewer.umap" 771
